<?xml version="1.0" encoding="UTF-8"?>
<robot generator="Robot 3.1.2 (Python 3.7.4 on win32)" generated="20200329 02:17:01.276" rpa="false">
<suite id="s1" name="LoginTC" source="C:\Users\mayank.saxena2\PycharmProjects\Demo1\Test Cases\LoginTC">
<kw name="Before each Test Suite" type="setup">
<kw name="Log" library="BuiltIn">
<doc>Logs the given message with the given level.</doc>
<arguments>
<arg>Test Suite Started</arg>
</arguments>
<msg timestamp="20200329 02:17:01.309" level="INFO">Test Suite Started</msg>
<status status="PASS" starttime="20200329 02:17:01.309" endtime="20200329 02:17:01.310"></status>
</kw>
<status status="PASS" starttime="20200329 02:17:01.309" endtime="20200329 02:17:01.310"></status>
</kw>
<suite id="s1-s1" name="Login" source="C:\Users\mayank.saxena2\PycharmProjects\Demo1\Test Cases\LoginTC\Login.robot">
<test id="s1-s1-t1" name="TC_001 - Successful Login">
<kw name="Given User_open_application" library="Library">
<doc>This keyword is for opening the application</doc>
<kw name="Open Application" library="AppiumLibrary">
<doc>Opens a new application to given Appium server.
Capabilities of appium server, Android and iOS,
Please check https://github.com/appium/appium/blob/master/docs/en/writing-running-appium/server-args.md
| *Option*            | *Man.* | *Description*     |
| remote_url          | Yes    | Appium server url |
| alias               | no     | alias             |</doc>
<arguments>
<arg>${URL}</arg>
<arg>platformName=Android</arg>
<arg>platformVersion=9</arg>
<arg>deviceName=RZ8M30ME1CN</arg>
<arg>appPackage=com.daxko.mobilemember.container</arg>
<arg>appActivity=com.csi.vanguard.ui.LoginActivity</arg>
<arg>noReset=true</arg>
</arguments>
<status status="PASS" starttime="20200329 02:17:02.058" endtime="20200329 02:17:19.252"></status>
</kw>
<kw name="Get Window Width" library="AppiumLibrary">
<doc>Get current device width.</doc>
<assign>
<var>${WindowWidth}</var>
</assign>
<msg timestamp="20200329 02:17:19.273" level="INFO">${WindowWidth} = 1080</msg>
<status status="PASS" starttime="20200329 02:17:19.252" endtime="20200329 02:17:19.273"></status>
</kw>
<kw name="Get Window Height" library="AppiumLibrary">
<doc>Get current device height.</doc>
<assign>
<var>${WindowHeight}</var>
</assign>
<msg timestamp="20200329 02:17:19.290" level="INFO">${WindowHeight} = 2042</msg>
<status status="PASS" starttime="20200329 02:17:19.273" endtime="20200329 02:17:19.290"></status>
</kw>
<status status="PASS" starttime="20200329 02:17:02.058" endtime="20200329 02:17:19.290"></status>
</kw>
<kw name="Read_Element_Locator" library="Library">
<arguments>
<arg>Login.username_textbox_id</arg>
</arguments>
<assign>
<var>${username_text}</var>
</assign>
<kw name="Read Locator From Json" library="Locators">
<arguments>
<arg>${JsonPath}</arg>
</arguments>
<assign>
<var>${result}</var>
</assign>
<msg timestamp="20200329 02:17:19.293" level="INFO">${result} = com.daxko.mobilemember.container:id/et_Username</msg>
<status status="PASS" starttime="20200329 02:17:19.291" endtime="20200329 02:17:19.293"></status>
</kw>
<msg timestamp="20200329 02:17:19.293" level="INFO">${username_text} = com.daxko.mobilemember.container:id/et_Username</msg>
<status status="PASS" starttime="20200329 02:17:19.291" endtime="20200329 02:17:19.293"></status>
</kw>
<kw name="Read_Element_Locator" library="Library">
<arguments>
<arg>Login.password_textbox_id</arg>
</arguments>
<assign>
<var>${password_text}</var>
</assign>
<kw name="Read Locator From Json" library="Locators">
<arguments>
<arg>${JsonPath}</arg>
</arguments>
<assign>
<var>${result}</var>
</assign>
<msg timestamp="20200329 02:17:19.295" level="INFO">${result} = com.daxko.mobilemember.container:id/et_password</msg>
<status status="PASS" starttime="20200329 02:17:19.294" endtime="20200329 02:17:19.295"></status>
</kw>
<msg timestamp="20200329 02:17:19.295" level="INFO">${password_text} = com.daxko.mobilemember.container:id/et_password</msg>
<status status="PASS" starttime="20200329 02:17:19.294" endtime="20200329 02:17:19.295"></status>
</kw>
<kw name="Read_Element_Locator" library="Library">
<arguments>
<arg>Login.login_button_id</arg>
</arguments>
<assign>
<var>${login_button}</var>
</assign>
<kw name="Read Locator From Json" library="Locators">
<arguments>
<arg>${JsonPath}</arg>
</arguments>
<assign>
<var>${result}</var>
</assign>
<msg timestamp="20200329 02:17:19.297" level="INFO">${result} = com.daxko.mobilemember.container:id/btn_login</msg>
<status status="PASS" starttime="20200329 02:17:19.296" endtime="20200329 02:17:19.297"></status>
</kw>
<msg timestamp="20200329 02:17:19.297" level="INFO">${login_button} = com.daxko.mobilemember.container:id/btn_login</msg>
<status status="PASS" starttime="20200329 02:17:19.296" endtime="20200329 02:17:19.297"></status>
</kw>
<kw name="Read_Element_Locator" library="Library">
<arguments>
<arg>Login.myaccount_button_id</arg>
</arguments>
<assign>
<var>${myaccount_button}</var>
</assign>
<kw name="Read Locator From Json" library="Locators">
<arguments>
<arg>${JsonPath}</arg>
</arguments>
<assign>
<var>${result}</var>
</assign>
<msg timestamp="20200329 02:17:19.299" level="INFO">${result} = com.daxko.mobilemember.container:id/btn_my_accn</msg>
<status status="PASS" starttime="20200329 02:17:19.298" endtime="20200329 02:17:19.299"></status>
</kw>
<msg timestamp="20200329 02:17:19.299" level="INFO">${myaccount_button} = com.daxko.mobilemember.container:id/btn_my_accn</msg>
<status status="PASS" starttime="20200329 02:17:19.298" endtime="20200329 02:17:19.299"></status>
</kw>
<kw name="Read_Element_Locator" library="Library">
<arguments>
<arg>Login.hamburger_id</arg>
</arguments>
<assign>
<var>${hamburger_menu}</var>
</assign>
<kw name="Read Locator From Json" library="Locators">
<arguments>
<arg>${JsonPath}</arg>
</arguments>
<assign>
<var>${result}</var>
</assign>
<msg timestamp="20200329 02:17:19.300" level="INFO">${result} = android:id/up</msg>
<status status="PASS" starttime="20200329 02:17:19.299" endtime="20200329 02:17:19.300"></status>
</kw>
<msg timestamp="20200329 02:17:19.301" level="INFO">${hamburger_menu} = android:id/up</msg>
<status status="PASS" starttime="20200329 02:17:19.299" endtime="20200329 02:17:19.301"></status>
</kw>
<kw name="Read_Element_Locator" library="Library">
<arguments>
<arg>Login.logout_xpath</arg>
</arguments>
<assign>
<var>${logout_link}</var>
</assign>
<kw name="Read Locator From Json" library="Locators">
<arguments>
<arg>${JsonPath}</arg>
</arguments>
<assign>
<var>${result}</var>
</assign>
<msg timestamp="20200329 02:17:19.302" level="INFO">${result} = //android.widget.TextView[contains(@text,'Log out')]</msg>
<status status="PASS" starttime="20200329 02:17:19.301" endtime="20200329 02:17:19.302"></status>
</kw>
<msg timestamp="20200329 02:17:19.302" level="INFO">${logout_link} = //android.widget.TextView[contains(@text,'Log out')]</msg>
<status status="PASS" starttime="20200329 02:17:19.301" endtime="20200329 02:17:19.302"></status>
</kw>
<kw name="Read_Number_Of_Rows" library="Library">
<arguments>
<arg>ValidLogin</arg>
</arguments>
<assign>
<var>${row}</var>
</assign>
<kw name="Fetch Number Of Rows" library="ReadExcel">
<arguments>
<arg>${sheetname}</arg>
</arguments>
<assign>
<var>${maxr}</var>
</assign>
<msg timestamp="20200329 02:17:19.303" level="INFO">${maxr} = 1</msg>
<status status="PASS" starttime="20200329 02:17:19.303" endtime="20200329 02:17:19.303"></status>
</kw>
<msg timestamp="20200329 02:17:19.304" level="INFO">${row} = 1</msg>
<status status="PASS" starttime="20200329 02:17:19.303" endtime="20200329 02:17:19.304"></status>
</kw>
<kw name="${i} IN RANGE [ 1 | ${row}+1 ]" type="for">
<kw name="${i} = 1" type="foritem">
<kw name="Read_Excel_Data_Of_Cell" library="Library">
<arguments>
<arg>ValidLogin</arg>
<arg>${i}</arg>
<arg>1</arg>
</arguments>
<assign>
<var>${username}</var>
</assign>
<kw name="Fetch Cell Data" library="ReadExcel">
<arguments>
<arg>${sheetname}</arg>
<arg>${row}</arg>
<arg>${cell}</arg>
</arguments>
<assign>
<var>${celldata}</var>
</assign>
<msg timestamp="20200329 02:17:19.305" level="INFO">${celldata} = 44728rgarg</msg>
<status status="PASS" starttime="20200329 02:17:19.304" endtime="20200329 02:17:19.305"></status>
</kw>
<msg timestamp="20200329 02:17:19.305" level="INFO">${username} = 44728rgarg</msg>
<status status="PASS" starttime="20200329 02:17:19.304" endtime="20200329 02:17:19.305"></status>
</kw>
<kw name="Read_Excel_Data_Of_Cell" library="Library">
<arguments>
<arg>ValidLogin</arg>
<arg>${i}</arg>
<arg>2</arg>
</arguments>
<assign>
<var>${password}</var>
</assign>
<kw name="Fetch Cell Data" library="ReadExcel">
<arguments>
<arg>${sheetname}</arg>
<arg>${row}</arg>
<arg>${cell}</arg>
</arguments>
<assign>
<var>${celldata}</var>
</assign>
<msg timestamp="20200329 02:17:19.307" level="INFO">${celldata} = Second50#*</msg>
<status status="PASS" starttime="20200329 02:17:19.306" endtime="20200329 02:17:19.307"></status>
</kw>
<msg timestamp="20200329 02:17:19.307" level="INFO">${password} = Second50#*</msg>
<status status="PASS" starttime="20200329 02:17:19.306" endtime="20200329 02:17:19.307"></status>
</kw>
<kw name="When Input Text" library="AppiumLibrary">
<doc>Types the given `text` into text field identified by `locator`.</doc>
<arguments>
<arg>id=${username_text}</arg>
<arg>${username}</arg>
</arguments>
<msg timestamp="20200329 02:17:19.308" level="INFO">Typing text '44728rgarg' into text field 'id=com.daxko.mobilemember.container:id/et_Username'</msg>
<status status="PASS" starttime="20200329 02:17:19.307" endtime="20200329 02:17:20.499"></status>
</kw>
<kw name="When Input Text" library="AppiumLibrary">
<doc>Types the given `text` into text field identified by `locator`.</doc>
<arguments>
<arg>id=${password_text}</arg>
<arg>${password}</arg>
</arguments>
<msg timestamp="20200329 02:17:20.501" level="INFO">Typing text 'Second50#*' into text field 'id=com.daxko.mobilemember.container:id/et_password'</msg>
<status status="PASS" starttime="20200329 02:17:20.499" endtime="20200329 02:17:21.146"></status>
</kw>
<kw name="When Click Element" library="AppiumLibrary">
<doc>Click element identified by `locator`.</doc>
<arguments>
<arg>id=${login_button}</arg>
</arguments>
<msg timestamp="20200329 02:17:21.148" level="INFO">Clicking element 'id=com.daxko.mobilemember.container:id/btn_login'.</msg>
<status status="PASS" starttime="20200329 02:17:21.146" endtime="20200329 02:17:21.896"></status>
</kw>
<kw name="When Sleep" library="BuiltIn">
<doc>Pauses the test executed for the given time.</doc>
<arguments>
<arg>8</arg>
</arguments>
<msg timestamp="20200329 02:17:29.898" level="INFO">Slept 8 seconds</msg>
<status status="PASS" starttime="20200329 02:17:21.896" endtime="20200329 02:17:29.898"></status>
</kw>
<kw name="When Page Should Contain Text" library="AppiumLibrary">
<doc>Verifies that current page contains `text`.</doc>
<arguments>
<arg>MY ACCOUNT</arg>
</arguments>
<msg timestamp="20200329 02:17:30.553" level="INFO">Current page contains text 'MY ACCOUNT'.</msg>
<status status="PASS" starttime="20200329 02:17:29.898" endtime="20200329 02:17:30.553"></status>
</kw>
<kw name="When Element Text Should Be" library="AppiumLibrary">
<doc>Verifies element identified by ``locator`` exactly contains text ``expected``.</doc>
<arguments>
<arg>id=${myaccount_button}</arg>
<arg>MY ACCOUNT</arg>
</arguments>
<msg timestamp="20200329 02:17:30.555" level="INFO">Verifying element 'id=com.daxko.mobilemember.container:id/btn_my_accn' contains exactly text 'MY ACCOUNT'.</msg>
<status status="PASS" starttime="20200329 02:17:30.553" endtime="20200329 02:17:30.720"></status>
</kw>
<kw name="When Capture Page Screenshot" library="AppiumLibrary">
<doc>Takes a screenshot of the current page and embeds it into the log.</doc>
<arguments>
<arg>../Snapshots/TC_001.png</arg>
</arguments>
<msg timestamp="20200329 02:17:31.165" level="INFO" html="yes">&lt;/td&gt;&lt;/tr&gt;&lt;tr&gt;&lt;td colspan="3"&gt;&lt;a href="../Snapshots/TC_001.png"&gt;&lt;img src="../Snapshots/TC_001.png" width="800px"&gt;&lt;/a&gt;</msg>
<status status="PASS" starttime="20200329 02:17:30.721" endtime="20200329 02:17:31.165"></status>
</kw>
<kw name="When Click Element" library="AppiumLibrary">
<doc>Click element identified by `locator`.</doc>
<arguments>
<arg>id=${hamburger_menu}</arg>
</arguments>
<msg timestamp="20200329 02:17:31.166" level="INFO">Clicking element 'id=android:id/up'.</msg>
<status status="PASS" starttime="20200329 02:17:31.165" endtime="20200329 02:17:31.637"></status>
</kw>
<kw name="When Click Element" library="AppiumLibrary">
<doc>Click element identified by `locator`.</doc>
<arguments>
<arg>xpath=${logout_link}</arg>
</arguments>
<msg timestamp="20200329 02:17:31.639" level="INFO">Clicking element 'xpath=//android.widget.TextView[contains(@text,'Log out')]'.</msg>
<status status="PASS" starttime="20200329 02:17:31.637" endtime="20200329 02:17:33.660"></status>
</kw>
<status status="PASS" starttime="20200329 02:17:19.304" endtime="20200329 02:17:33.660"></status>
</kw>
<status status="PASS" starttime="20200329 02:17:19.304" endtime="20200329 02:17:33.660"></status>
</kw>
<kw name="Then User_close_application" library="Library">
<doc>This keyword is for closing the application</doc>
<kw name="Close Application" library="AppiumLibrary">
<doc>Closes the current application and also close webdriver session.</doc>
<status status="PASS" starttime="20200329 02:17:33.661" endtime="20200329 02:17:35.198"></status>
</kw>
<status status="PASS" starttime="20200329 02:17:33.661" endtime="20200329 02:17:35.198"></status>
</kw>
<doc>This test case checks whether valid user is able to login to application or not</doc>
<tags>
<tag>ALL_TC</tag>
<tag>Functional</tag>
<tag>Regression</tag>
</tags>
<timeout value="2 minutes"></timeout>
<status status="PASS" starttime="20200329 02:17:02.057" endtime="20200329 02:17:35.198" critical="yes"></status>
</test>
<doc>Test Cases for Login module</doc>
<status status="PASS" starttime="20200329 02:17:01.310" endtime="20200329 02:17:35.199"></status>
</suite>
<kw name="After each Test Suite" type="teardown">
<kw name="Log" library="BuiltIn">
<doc>Logs the given message with the given level.</doc>
<arguments>
<arg>Test Suite Ended</arg>
</arguments>
<msg timestamp="20200329 02:17:35.201" level="INFO">Test Suite Ended</msg>
<status status="PASS" starttime="20200329 02:17:35.201" endtime="20200329 02:17:35.201"></status>
</kw>
<status status="PASS" starttime="20200329 02:17:35.201" endtime="20200329 02:17:35.201"></status>
</kw>
<status status="PASS" starttime="20200329 02:17:01.284" endtime="20200329 02:17:35.201"></status>
</suite>
<statistics>
<total>
<stat pass="1" fail="0">Critical Tests</stat>
<stat pass="1" fail="0">All Tests</stat>
</total>
<tag>
<stat pass="1" fail="0">ALL_TC</stat>
<stat pass="1" fail="0">Functional</stat>
<stat pass="1" fail="0">Regression</stat>
</tag>
<suite>
<stat pass="1" fail="0" id="s1" name="LoginTC">LoginTC</stat>
<stat pass="1" fail="0" id="s1-s1" name="Login">LoginTC.Login</stat>
</suite>
</statistics>
<errors>
</errors>
</robot>
