<?xml version="1.0" encoding="UTF-8"?>
<robot generator="Robot 3.1.2 (Python 3.7.4 on win32)" generated="20200329 03:48:01.304" rpa="false">
<suite id="s1" name="LoginTC" source="C:\Users\mayank.saxena2\PycharmProjects\Demo1\Test Cases\LoginTC">
<kw name="Before each Test Suite" type="setup">
<kw name="Log" library="BuiltIn">
<doc>Logs the given message with the given level.</doc>
<arguments>
<arg>Test Suite Started</arg>
</arguments>
<msg timestamp="20200329 03:48:01.341" level="INFO">Test Suite Started</msg>
<status status="PASS" starttime="20200329 03:48:01.341" endtime="20200329 03:48:01.341"></status>
</kw>
<status status="PASS" starttime="20200329 03:48:01.340" endtime="20200329 03:48:01.341"></status>
</kw>
<suite id="s1-s1" name="Login" source="C:\Users\mayank.saxena2\PycharmProjects\Demo1\Test Cases\LoginTC\Login.robot">
<test id="s1-s1-t1" name="TC_001 - Successful Login">
<kw name="Given User_open_application" library="Library">
<doc>This keyword is for opening the application</doc>
<kw name="Open Application" library="AppiumLibrary">
<doc>Opens a new application to given Appium server.
Capabilities of appium server, Android and iOS,
Please check https://github.com/appium/appium/blob/master/docs/en/writing-running-appium/server-args.md
| *Option*            | *Man.* | *Description*     |
| remote_url          | Yes    | Appium server url |
| alias               | no     | alias             |</doc>
<arguments>
<arg>${URL}</arg>
<arg>platformName=Android</arg>
<arg>platformVersion=9</arg>
<arg>deviceName=RZ8M30ME1CN</arg>
<arg>appPackage=com.daxko.mobilemember.container</arg>
<arg>appActivity=com.csi.vanguard.ui.LoginActivity</arg>
<arg>noReset=true</arg>
</arguments>
<status status="PASS" starttime="20200329 03:48:02.257" endtime="20200329 03:48:19.229"></status>
</kw>
<kw name="Get Window Width" library="AppiumLibrary">
<doc>Get current device width.</doc>
<assign>
<var>${WindowWidth}</var>
</assign>
<msg timestamp="20200329 03:48:19.248" level="INFO">${WindowWidth} = 1080</msg>
<status status="PASS" starttime="20200329 03:48:19.229" endtime="20200329 03:48:19.248"></status>
</kw>
<kw name="Get Window Height" library="AppiumLibrary">
<doc>Get current device height.</doc>
<assign>
<var>${WindowHeight}</var>
</assign>
<msg timestamp="20200329 03:48:19.268" level="INFO">${WindowHeight} = 2042</msg>
<status status="PASS" starttime="20200329 03:48:19.248" endtime="20200329 03:48:19.268"></status>
</kw>
<status status="PASS" starttime="20200329 03:48:02.257" endtime="20200329 03:48:19.268"></status>
</kw>
<kw name="Read_Element_Locator" library="Library">
<arguments>
<arg>Login.username_textbox_id</arg>
</arguments>
<assign>
<var>${username_text}</var>
</assign>
<kw name="Read Locator From Json" library="Locators">
<arguments>
<arg>${JsonPath}</arg>
</arguments>
<assign>
<var>${result}</var>
</assign>
<msg timestamp="20200329 03:48:19.272" level="INFO">${result} = com.daxko.mobilemember.container:id/et_Username</msg>
<status status="PASS" starttime="20200329 03:48:19.269" endtime="20200329 03:48:19.272"></status>
</kw>
<msg timestamp="20200329 03:48:19.272" level="INFO">${username_text} = com.daxko.mobilemember.container:id/et_Username</msg>
<status status="PASS" starttime="20200329 03:48:19.269" endtime="20200329 03:48:19.273"></status>
</kw>
<kw name="Read_Element_Locator" library="Library">
<arguments>
<arg>Login.password_textbox_id</arg>
</arguments>
<assign>
<var>${password_text}</var>
</assign>
<kw name="Read Locator From Json" library="Locators">
<arguments>
<arg>${JsonPath}</arg>
</arguments>
<assign>
<var>${result}</var>
</assign>
<msg timestamp="20200329 03:48:19.274" level="INFO">${result} = com.daxko.mobilemember.container:id/et_password</msg>
<status status="PASS" starttime="20200329 03:48:19.273" endtime="20200329 03:48:19.274"></status>
</kw>
<msg timestamp="20200329 03:48:19.274" level="INFO">${password_text} = com.daxko.mobilemember.container:id/et_password</msg>
<status status="PASS" starttime="20200329 03:48:19.273" endtime="20200329 03:48:19.274"></status>
</kw>
<kw name="Read_Element_Locator" library="Library">
<arguments>
<arg>Login.login_button_id</arg>
</arguments>
<assign>
<var>${login_button}</var>
</assign>
<kw name="Read Locator From Json" library="Locators">
<arguments>
<arg>${JsonPath}</arg>
</arguments>
<assign>
<var>${result}</var>
</assign>
<msg timestamp="20200329 03:48:19.276" level="INFO">${result} = com.daxko.mobilemember.container:id/btn_login</msg>
<status status="PASS" starttime="20200329 03:48:19.275" endtime="20200329 03:48:19.276"></status>
</kw>
<msg timestamp="20200329 03:48:19.276" level="INFO">${login_button} = com.daxko.mobilemember.container:id/btn_login</msg>
<status status="PASS" starttime="20200329 03:48:19.275" endtime="20200329 03:48:19.276"></status>
</kw>
<kw name="Read_Element_Locator" library="Library">
<arguments>
<arg>Login.myaccount_button_id</arg>
</arguments>
<assign>
<var>${myaccount_button}</var>
</assign>
<kw name="Read Locator From Json" library="Locators">
<arguments>
<arg>${JsonPath}</arg>
</arguments>
<assign>
<var>${result}</var>
</assign>
<msg timestamp="20200329 03:48:19.277" level="INFO">${result} = com.daxko.mobilemember.container:id/btn_my_accn</msg>
<status status="PASS" starttime="20200329 03:48:19.277" endtime="20200329 03:48:19.277"></status>
</kw>
<msg timestamp="20200329 03:48:19.278" level="INFO">${myaccount_button} = com.daxko.mobilemember.container:id/btn_my_accn</msg>
<status status="PASS" starttime="20200329 03:48:19.276" endtime="20200329 03:48:19.278"></status>
</kw>
<kw name="Read_Element_Locator" library="Library">
<arguments>
<arg>Login.hamburger_id</arg>
</arguments>
<assign>
<var>${hamburger_menu}</var>
</assign>
<kw name="Read Locator From Json" library="Locators">
<arguments>
<arg>${JsonPath}</arg>
</arguments>
<assign>
<var>${result}</var>
</assign>
<msg timestamp="20200329 03:48:19.279" level="INFO">${result} = android:id/up</msg>
<status status="PASS" starttime="20200329 03:48:19.278" endtime="20200329 03:48:19.279"></status>
</kw>
<msg timestamp="20200329 03:48:19.279" level="INFO">${hamburger_menu} = android:id/up</msg>
<status status="PASS" starttime="20200329 03:48:19.278" endtime="20200329 03:48:19.279"></status>
</kw>
<kw name="Read_Element_Locator" library="Library">
<arguments>
<arg>Login.logout_xpath</arg>
</arguments>
<assign>
<var>${logout_link}</var>
</assign>
<kw name="Read Locator From Json" library="Locators">
<arguments>
<arg>${JsonPath}</arg>
</arguments>
<assign>
<var>${result}</var>
</assign>
<msg timestamp="20200329 03:48:19.281" level="INFO">${result} = //android.widget.TextView[contains(@text,'Log out')]</msg>
<status status="PASS" starttime="20200329 03:48:19.280" endtime="20200329 03:48:19.281"></status>
</kw>
<msg timestamp="20200329 03:48:19.281" level="INFO">${logout_link} = //android.widget.TextView[contains(@text,'Log out')]</msg>
<status status="PASS" starttime="20200329 03:48:19.280" endtime="20200329 03:48:19.281"></status>
</kw>
<kw name="Read_Number_Of_Rows" library="Library">
<arguments>
<arg>ValidLogin</arg>
</arguments>
<assign>
<var>${row}</var>
</assign>
<kw name="Fetch Number Of Rows" library="ReadExcel">
<arguments>
<arg>${sheetname}</arg>
</arguments>
<assign>
<var>${maxr}</var>
</assign>
<msg timestamp="20200329 03:48:19.282" level="INFO">${maxr} = 1</msg>
<status status="PASS" starttime="20200329 03:48:19.281" endtime="20200329 03:48:19.282"></status>
</kw>
<msg timestamp="20200329 03:48:19.282" level="INFO">${row} = 1</msg>
<status status="PASS" starttime="20200329 03:48:19.281" endtime="20200329 03:48:19.282"></status>
</kw>
<kw name="${i} IN RANGE [ 1 | ${row}+1 ]" type="for">
<kw name="${i} = 1" type="foritem">
<kw name="Read_Excel_Data_Of_Cell" library="Library">
<arguments>
<arg>ValidLogin</arg>
<arg>${i}</arg>
<arg>1</arg>
</arguments>
<assign>
<var>${username}</var>
</assign>
<kw name="Fetch Cell Data" library="ReadExcel">
<arguments>
<arg>${sheetname}</arg>
<arg>${row}</arg>
<arg>${cell}</arg>
</arguments>
<assign>
<var>${celldata}</var>
</assign>
<msg timestamp="20200329 03:48:19.284" level="INFO">${celldata} = 44728rgarg</msg>
<status status="PASS" starttime="20200329 03:48:19.283" endtime="20200329 03:48:19.284"></status>
</kw>
<msg timestamp="20200329 03:48:19.284" level="INFO">${username} = 44728rgarg</msg>
<status status="PASS" starttime="20200329 03:48:19.283" endtime="20200329 03:48:19.284"></status>
</kw>
<kw name="Read_Excel_Data_Of_Cell" library="Library">
<arguments>
<arg>ValidLogin</arg>
<arg>${i}</arg>
<arg>2</arg>
</arguments>
<assign>
<var>${password}</var>
</assign>
<kw name="Fetch Cell Data" library="ReadExcel">
<arguments>
<arg>${sheetname}</arg>
<arg>${row}</arg>
<arg>${cell}</arg>
</arguments>
<assign>
<var>${celldata}</var>
</assign>
<msg timestamp="20200329 03:48:19.285" level="INFO">${celldata} = Second50#*</msg>
<status status="PASS" starttime="20200329 03:48:19.284" endtime="20200329 03:48:19.285"></status>
</kw>
<msg timestamp="20200329 03:48:19.285" level="INFO">${password} = Second50#*</msg>
<status status="PASS" starttime="20200329 03:48:19.284" endtime="20200329 03:48:19.285"></status>
</kw>
<kw name="When Input Text" library="AppiumLibrary">
<doc>Types the given `text` into text field identified by `locator`.</doc>
<arguments>
<arg>id=${username_text}</arg>
<arg>${username}</arg>
</arguments>
<msg timestamp="20200329 03:48:19.286" level="INFO">Typing text '44728rgarg' into text field 'id=com.daxko.mobilemember.container:id/et_Username'</msg>
<status status="PASS" starttime="20200329 03:48:19.285" endtime="20200329 03:48:20.319"></status>
</kw>
<kw name="When Input Text" library="AppiumLibrary">
<doc>Types the given `text` into text field identified by `locator`.</doc>
<arguments>
<arg>id=${password_text}</arg>
<arg>${password}</arg>
</arguments>
<msg timestamp="20200329 03:48:20.321" level="INFO">Typing text 'Second50#*' into text field 'id=com.daxko.mobilemember.container:id/et_password'</msg>
<status status="PASS" starttime="20200329 03:48:20.319" endtime="20200329 03:48:21.465"></status>
</kw>
<kw name="When Click Element" library="AppiumLibrary">
<doc>Click element identified by `locator`.</doc>
<arguments>
<arg>id=${login_button}</arg>
</arguments>
<msg timestamp="20200329 03:48:21.467" level="INFO">Clicking element 'id=com.daxko.mobilemember.container:id/btn_login'.</msg>
<status status="PASS" starttime="20200329 03:48:21.466" endtime="20200329 03:48:22.071"></status>
</kw>
<kw name="When Sleep" library="BuiltIn">
<doc>Pauses the test executed for the given time.</doc>
<arguments>
<arg>8</arg>
</arguments>
<msg timestamp="20200329 03:48:30.072" level="INFO">Slept 8 seconds</msg>
<status status="PASS" starttime="20200329 03:48:22.072" endtime="20200329 03:48:30.072"></status>
</kw>
<kw name="When Page Should Contain Text" library="AppiumLibrary">
<doc>Verifies that current page contains `text`.</doc>
<arguments>
<arg>MY ACCOUNT</arg>
</arguments>
<msg timestamp="20200329 03:48:30.689" level="INFO">Current page contains text 'MY ACCOUNT'.</msg>
<status status="PASS" starttime="20200329 03:48:30.072" endtime="20200329 03:48:30.690"></status>
</kw>
<kw name="When Element Text Should Be" library="AppiumLibrary">
<doc>Verifies element identified by ``locator`` exactly contains text ``expected``.</doc>
<arguments>
<arg>id=${myaccount_button}</arg>
<arg>MY ACCOUNT</arg>
</arguments>
<msg timestamp="20200329 03:48:30.691" level="INFO">Verifying element 'id=com.daxko.mobilemember.container:id/btn_my_accn' contains exactly text 'MY ACCOUNT'.</msg>
<status status="PASS" starttime="20200329 03:48:30.690" endtime="20200329 03:48:30.835"></status>
</kw>
<kw name="When Capture Page Screenshot" library="AppiumLibrary">
<doc>Takes a screenshot of the current page and embeds it into the log.</doc>
<arguments>
<arg>../Snapshots/TC_001.png</arg>
</arguments>
<msg timestamp="20200329 03:48:31.235" level="INFO" html="yes">&lt;/td&gt;&lt;/tr&gt;&lt;tr&gt;&lt;td colspan="3"&gt;&lt;a href="../Snapshots/TC_001.png"&gt;&lt;img src="../Snapshots/TC_001.png" width="800px"&gt;&lt;/a&gt;</msg>
<status status="PASS" starttime="20200329 03:48:30.835" endtime="20200329 03:48:31.235"></status>
</kw>
<kw name="When Click Element" library="AppiumLibrary">
<doc>Click element identified by `locator`.</doc>
<arguments>
<arg>id=${hamburger_menu}</arg>
</arguments>
<msg timestamp="20200329 03:48:31.237" level="INFO">Clicking element 'id=android:id/up'.</msg>
<status status="PASS" starttime="20200329 03:48:31.235" endtime="20200329 03:48:31.418"></status>
</kw>
<kw name="When Click Element" library="AppiumLibrary">
<doc>Click element identified by `locator`.</doc>
<arguments>
<arg>xpath=${logout_link}</arg>
</arguments>
<msg timestamp="20200329 03:48:31.420" level="INFO">Clicking element 'xpath=//android.widget.TextView[contains(@text,'Log out')]'.</msg>
<status status="PASS" starttime="20200329 03:48:31.419" endtime="20200329 03:48:34.265"></status>
</kw>
<status status="PASS" starttime="20200329 03:48:19.282" endtime="20200329 03:48:34.265"></status>
</kw>
<status status="PASS" starttime="20200329 03:48:19.282" endtime="20200329 03:48:34.265"></status>
</kw>
<kw name="Then User_close_application" library="Library">
<doc>This keyword is for closing the application</doc>
<kw name="Close Application" library="AppiumLibrary">
<doc>Closes the current application and also close webdriver session.</doc>
<status status="PASS" starttime="20200329 03:48:34.266" endtime="20200329 03:48:35.839"></status>
</kw>
<status status="PASS" starttime="20200329 03:48:34.266" endtime="20200329 03:48:35.839"></status>
</kw>
<doc>This test case checks whether valid user is able to login to application or not</doc>
<tags>
<tag>ALL_TC</tag>
<tag>Functional</tag>
<tag>Regression</tag>
</tags>
<timeout value="2 minutes"></timeout>
<status status="PASS" starttime="20200329 03:48:02.256" endtime="20200329 03:48:35.839" critical="yes"></status>
</test>
<test id="s1-s1-t2" name="TC_002 - Invalid Credentials">
<kw name="Given User_open_application" library="Library">
<doc>This keyword is for opening the application</doc>
<kw name="Open Application" library="AppiumLibrary">
<doc>Opens a new application to given Appium server.
Capabilities of appium server, Android and iOS,
Please check https://github.com/appium/appium/blob/master/docs/en/writing-running-appium/server-args.md
| *Option*            | *Man.* | *Description*     |
| remote_url          | Yes    | Appium server url |
| alias               | no     | alias             |</doc>
<arguments>
<arg>${URL}</arg>
<arg>platformName=Android</arg>
<arg>platformVersion=9</arg>
<arg>deviceName=RZ8M30ME1CN</arg>
<arg>appPackage=com.daxko.mobilemember.container</arg>
<arg>appActivity=com.csi.vanguard.ui.LoginActivity</arg>
<arg>noReset=true</arg>
</arguments>
<status status="PASS" starttime="20200329 03:48:35.841" endtime="20200329 03:48:52.775"></status>
</kw>
<kw name="Get Window Width" library="AppiumLibrary">
<doc>Get current device width.</doc>
<assign>
<var>${WindowWidth}</var>
</assign>
<msg timestamp="20200329 03:48:52.795" level="INFO">${WindowWidth} = 1080</msg>
<status status="PASS" starttime="20200329 03:48:52.775" endtime="20200329 03:48:52.795"></status>
</kw>
<kw name="Get Window Height" library="AppiumLibrary">
<doc>Get current device height.</doc>
<assign>
<var>${WindowHeight}</var>
</assign>
<msg timestamp="20200329 03:48:52.815" level="INFO">${WindowHeight} = 2042</msg>
<status status="PASS" starttime="20200329 03:48:52.796" endtime="20200329 03:48:52.816"></status>
</kw>
<status status="PASS" starttime="20200329 03:48:35.841" endtime="20200329 03:48:52.816"></status>
</kw>
<kw name="Read_Element_Locator" library="Library">
<arguments>
<arg>Login.username_textbox_id</arg>
</arguments>
<assign>
<var>${username_text}</var>
</assign>
<kw name="Read Locator From Json" library="Locators">
<arguments>
<arg>${JsonPath}</arg>
</arguments>
<assign>
<var>${result}</var>
</assign>
<msg timestamp="20200329 03:48:52.818" level="INFO">${result} = com.daxko.mobilemember.container:id/et_Username</msg>
<status status="PASS" starttime="20200329 03:48:52.817" endtime="20200329 03:48:52.819"></status>
</kw>
<msg timestamp="20200329 03:48:52.819" level="INFO">${username_text} = com.daxko.mobilemember.container:id/et_Username</msg>
<status status="PASS" starttime="20200329 03:48:52.816" endtime="20200329 03:48:52.819"></status>
</kw>
<kw name="Read_Element_Locator" library="Library">
<arguments>
<arg>Login.password_textbox_id</arg>
</arguments>
<assign>
<var>${password_text}</var>
</assign>
<kw name="Read Locator From Json" library="Locators">
<arguments>
<arg>${JsonPath}</arg>
</arguments>
<assign>
<var>${result}</var>
</assign>
<msg timestamp="20200329 03:48:52.820" level="INFO">${result} = com.daxko.mobilemember.container:id/et_password</msg>
<status status="PASS" starttime="20200329 03:48:52.819" endtime="20200329 03:48:52.820"></status>
</kw>
<msg timestamp="20200329 03:48:52.820" level="INFO">${password_text} = com.daxko.mobilemember.container:id/et_password</msg>
<status status="PASS" starttime="20200329 03:48:52.819" endtime="20200329 03:48:52.820"></status>
</kw>
<kw name="Read_Element_Locator" library="Library">
<arguments>
<arg>Login.login_button_id</arg>
</arguments>
<assign>
<var>${login_button}</var>
</assign>
<kw name="Read Locator From Json" library="Locators">
<arguments>
<arg>${JsonPath}</arg>
</arguments>
<assign>
<var>${result}</var>
</assign>
<msg timestamp="20200329 03:48:52.822" level="INFO">${result} = com.daxko.mobilemember.container:id/btn_login</msg>
<status status="PASS" starttime="20200329 03:48:52.821" endtime="20200329 03:48:52.822"></status>
</kw>
<msg timestamp="20200329 03:48:52.822" level="INFO">${login_button} = com.daxko.mobilemember.container:id/btn_login</msg>
<status status="PASS" starttime="20200329 03:48:52.821" endtime="20200329 03:48:52.822"></status>
</kw>
<kw name="Read_Number_Of_Rows" library="Library">
<arguments>
<arg>InvalidLogin</arg>
</arguments>
<assign>
<var>${row}</var>
</assign>
<kw name="Fetch Number Of Rows" library="ReadExcel">
<arguments>
<arg>${sheetname}</arg>
</arguments>
<assign>
<var>${maxr}</var>
</assign>
<msg timestamp="20200329 03:48:52.823" level="INFO">${maxr} = 4</msg>
<status status="PASS" starttime="20200329 03:48:52.822" endtime="20200329 03:48:52.823"></status>
</kw>
<msg timestamp="20200329 03:48:52.823" level="INFO">${row} = 4</msg>
<status status="PASS" starttime="20200329 03:48:52.822" endtime="20200329 03:48:52.823"></status>
</kw>
<kw name="${i} IN RANGE [ 1 | ${row}+1 ]" type="for">
<kw name="${i} = 1" type="foritem">
<kw name="Read_Excel_Data_Of_Cell" library="Library">
<arguments>
<arg>InvalidLogin</arg>
<arg>${i}</arg>
<arg>1</arg>
</arguments>
<assign>
<var>${username}</var>
</assign>
<kw name="Fetch Cell Data" library="ReadExcel">
<arguments>
<arg>${sheetname}</arg>
<arg>${row}</arg>
<arg>${cell}</arg>
</arguments>
<assign>
<var>${celldata}</var>
</assign>
<msg timestamp="20200329 03:48:52.825" level="INFO">${celldata} = Username1</msg>
<status status="PASS" starttime="20200329 03:48:52.824" endtime="20200329 03:48:52.825"></status>
</kw>
<msg timestamp="20200329 03:48:52.825" level="INFO">${username} = Username1</msg>
<status status="PASS" starttime="20200329 03:48:52.824" endtime="20200329 03:48:52.825"></status>
</kw>
<kw name="Read_Excel_Data_Of_Cell" library="Library">
<arguments>
<arg>InvalidLogin</arg>
<arg>${i}</arg>
<arg>2</arg>
</arguments>
<assign>
<var>${password}</var>
</assign>
<kw name="Fetch Cell Data" library="ReadExcel">
<arguments>
<arg>${sheetname}</arg>
<arg>${row}</arg>
<arg>${cell}</arg>
</arguments>
<assign>
<var>${celldata}</var>
</assign>
<msg timestamp="20200329 03:48:52.826" level="INFO">${celldata} = Password1</msg>
<status status="PASS" starttime="20200329 03:48:52.825" endtime="20200329 03:48:52.826"></status>
</kw>
<msg timestamp="20200329 03:48:52.826" level="INFO">${password} = Password1</msg>
<status status="PASS" starttime="20200329 03:48:52.825" endtime="20200329 03:48:52.826"></status>
</kw>
<kw name="When Input Text" library="AppiumLibrary">
<doc>Types the given `text` into text field identified by `locator`.</doc>
<arguments>
<arg>id=${username_text}</arg>
<arg>${username}</arg>
</arguments>
<msg timestamp="20200329 03:48:52.827" level="INFO">Typing text 'Username1' into text field 'id=com.daxko.mobilemember.container:id/et_Username'</msg>
<status status="PASS" starttime="20200329 03:48:52.826" endtime="20200329 03:48:53.877"></status>
</kw>
<kw name="When Input Text" library="AppiumLibrary">
<doc>Types the given `text` into text field identified by `locator`.</doc>
<arguments>
<arg>id=${password_text}</arg>
<arg>${password}</arg>
</arguments>
<msg timestamp="20200329 03:48:53.878" level="INFO">Typing text 'Password1' into text field 'id=com.daxko.mobilemember.container:id/et_password'</msg>
<status status="PASS" starttime="20200329 03:48:53.877" endtime="20200329 03:48:54.504"></status>
</kw>
<kw name="When Click Element" library="AppiumLibrary">
<doc>Click element identified by `locator`.</doc>
<arguments>
<arg>id=${login_button}</arg>
</arguments>
<msg timestamp="20200329 03:48:54.506" level="INFO">Clicking element 'id=com.daxko.mobilemember.container:id/btn_login'.</msg>
<status status="PASS" starttime="20200329 03:48:54.505" endtime="20200329 03:48:55.126"></status>
</kw>
<kw name="When Sleep" library="BuiltIn">
<doc>Pauses the test executed for the given time.</doc>
<arguments>
<arg>4</arg>
</arguments>
<msg timestamp="20200329 03:48:59.128" level="INFO">Slept 4 seconds</msg>
<status status="PASS" starttime="20200329 03:48:55.126" endtime="20200329 03:48:59.128"></status>
</kw>
<kw name="When Page Should Contain Text" library="AppiumLibrary">
<doc>Verifies that current page contains `text`.</doc>
<arguments>
<arg>Invalid login name or password. Please try again.</arg>
</arguments>
<msg timestamp="20200329 03:48:59.679" level="INFO">Current page contains text 'Invalid login name or password. Please try again.'.</msg>
<status status="PASS" starttime="20200329 03:48:59.129" endtime="20200329 03:48:59.680"></status>
</kw>
<kw name="When Capture Page Screenshot" library="AppiumLibrary">
<doc>Takes a screenshot of the current page and embeds it into the log.</doc>
<arguments>
<arg>../Snapshots/TC_002.png</arg>
</arguments>
<msg timestamp="20200329 03:49:00.060" level="INFO" html="yes">&lt;/td&gt;&lt;/tr&gt;&lt;tr&gt;&lt;td colspan="3"&gt;&lt;a href="../Snapshots/TC_002.png"&gt;&lt;img src="../Snapshots/TC_002.png" width="800px"&gt;&lt;/a&gt;</msg>
<status status="PASS" starttime="20200329 03:48:59.680" endtime="20200329 03:49:00.060"></status>
</kw>
<status status="PASS" starttime="20200329 03:48:52.824" endtime="20200329 03:49:00.060"></status>
</kw>
<kw name="${i} = 2" type="foritem">
<kw name="Read_Excel_Data_Of_Cell" library="Library">
<arguments>
<arg>InvalidLogin</arg>
<arg>${i}</arg>
<arg>1</arg>
</arguments>
<assign>
<var>${username}</var>
</assign>
<kw name="Fetch Cell Data" library="ReadExcel">
<arguments>
<arg>${sheetname}</arg>
<arg>${row}</arg>
<arg>${cell}</arg>
</arguments>
<assign>
<var>${celldata}</var>
</assign>
<msg timestamp="20200329 03:49:00.062" level="INFO">${celldata} = Username2</msg>
<status status="PASS" starttime="20200329 03:49:00.061" endtime="20200329 03:49:00.062"></status>
</kw>
<msg timestamp="20200329 03:49:00.062" level="INFO">${username} = Username2</msg>
<status status="PASS" starttime="20200329 03:49:00.061" endtime="20200329 03:49:00.062"></status>
</kw>
<kw name="Read_Excel_Data_Of_Cell" library="Library">
<arguments>
<arg>InvalidLogin</arg>
<arg>${i}</arg>
<arg>2</arg>
</arguments>
<assign>
<var>${password}</var>
</assign>
<kw name="Fetch Cell Data" library="ReadExcel">
<arguments>
<arg>${sheetname}</arg>
<arg>${row}</arg>
<arg>${cell}</arg>
</arguments>
<assign>
<var>${celldata}</var>
</assign>
<msg timestamp="20200329 03:49:00.063" level="INFO">${celldata} = Password2</msg>
<status status="PASS" starttime="20200329 03:49:00.062" endtime="20200329 03:49:00.063"></status>
</kw>
<msg timestamp="20200329 03:49:00.063" level="INFO">${password} = Password2</msg>
<status status="PASS" starttime="20200329 03:49:00.062" endtime="20200329 03:49:00.063"></status>
</kw>
<kw name="When Input Text" library="AppiumLibrary">
<doc>Types the given `text` into text field identified by `locator`.</doc>
<arguments>
<arg>id=${username_text}</arg>
<arg>${username}</arg>
</arguments>
<msg timestamp="20200329 03:49:00.065" level="INFO">Typing text 'Username2' into text field 'id=com.daxko.mobilemember.container:id/et_Username'</msg>
<status status="PASS" starttime="20200329 03:49:00.063" endtime="20200329 03:49:00.735"></status>
</kw>
<kw name="When Input Text" library="AppiumLibrary">
<doc>Types the given `text` into text field identified by `locator`.</doc>
<arguments>
<arg>id=${password_text}</arg>
<arg>${password}</arg>
</arguments>
<msg timestamp="20200329 03:49:00.736" level="INFO">Typing text 'Password2' into text field 'id=com.daxko.mobilemember.container:id/et_password'</msg>
<status status="PASS" starttime="20200329 03:49:00.735" endtime="20200329 03:49:01.861"></status>
</kw>
<kw name="When Click Element" library="AppiumLibrary">
<doc>Click element identified by `locator`.</doc>
<arguments>
<arg>id=${login_button}</arg>
</arguments>
<msg timestamp="20200329 03:49:01.863" level="INFO">Clicking element 'id=com.daxko.mobilemember.container:id/btn_login'.</msg>
<status status="PASS" starttime="20200329 03:49:01.862" endtime="20200329 03:49:02.467"></status>
</kw>
<kw name="When Sleep" library="BuiltIn">
<doc>Pauses the test executed for the given time.</doc>
<arguments>
<arg>4</arg>
</arguments>
<msg timestamp="20200329 03:49:06.469" level="INFO">Slept 4 seconds</msg>
<status status="PASS" starttime="20200329 03:49:02.468" endtime="20200329 03:49:06.469"></status>
</kw>
<kw name="When Page Should Contain Text" library="AppiumLibrary">
<doc>Verifies that current page contains `text`.</doc>
<arguments>
<arg>Invalid login name or password. Please try again.</arg>
</arguments>
<msg timestamp="20200329 03:49:06.712" level="INFO">Current page contains text 'Invalid login name or password. Please try again.'.</msg>
<status status="PASS" starttime="20200329 03:49:06.469" endtime="20200329 03:49:06.713"></status>
</kw>
<kw name="When Capture Page Screenshot" library="AppiumLibrary">
<doc>Takes a screenshot of the current page and embeds it into the log.</doc>
<arguments>
<arg>../Snapshots/TC_002.png</arg>
</arguments>
<msg timestamp="20200329 03:49:07.145" level="INFO" html="yes">&lt;/td&gt;&lt;/tr&gt;&lt;tr&gt;&lt;td colspan="3"&gt;&lt;a href="../Snapshots/TC_002.png"&gt;&lt;img src="../Snapshots/TC_002.png" width="800px"&gt;&lt;/a&gt;</msg>
<status status="PASS" starttime="20200329 03:49:06.713" endtime="20200329 03:49:07.145"></status>
</kw>
<status status="PASS" starttime="20200329 03:49:00.060" endtime="20200329 03:49:07.145"></status>
</kw>
<kw name="${i} = 3" type="foritem">
<kw name="Read_Excel_Data_Of_Cell" library="Library">
<arguments>
<arg>InvalidLogin</arg>
<arg>${i}</arg>
<arg>1</arg>
</arguments>
<assign>
<var>${username}</var>
</assign>
<kw name="Fetch Cell Data" library="ReadExcel">
<arguments>
<arg>${sheetname}</arg>
<arg>${row}</arg>
<arg>${cell}</arg>
</arguments>
<assign>
<var>${celldata}</var>
</assign>
<msg timestamp="20200329 03:49:07.146" level="INFO">${celldata} = Username3</msg>
<status status="PASS" starttime="20200329 03:49:07.145" endtime="20200329 03:49:07.146"></status>
</kw>
<msg timestamp="20200329 03:49:07.146" level="INFO">${username} = Username3</msg>
<status status="PASS" starttime="20200329 03:49:07.145" endtime="20200329 03:49:07.146"></status>
</kw>
<kw name="Read_Excel_Data_Of_Cell" library="Library">
<arguments>
<arg>InvalidLogin</arg>
<arg>${i}</arg>
<arg>2</arg>
</arguments>
<assign>
<var>${password}</var>
</assign>
<kw name="Fetch Cell Data" library="ReadExcel">
<arguments>
<arg>${sheetname}</arg>
<arg>${row}</arg>
<arg>${cell}</arg>
</arguments>
<assign>
<var>${celldata}</var>
</assign>
<msg timestamp="20200329 03:49:07.147" level="INFO">${celldata} = Password3</msg>
<status status="PASS" starttime="20200329 03:49:07.147" endtime="20200329 03:49:07.147"></status>
</kw>
<msg timestamp="20200329 03:49:07.147" level="INFO">${password} = Password3</msg>
<status status="PASS" starttime="20200329 03:49:07.146" endtime="20200329 03:49:07.148"></status>
</kw>
<kw name="When Input Text" library="AppiumLibrary">
<doc>Types the given `text` into text field identified by `locator`.</doc>
<arguments>
<arg>id=${username_text}</arg>
<arg>${username}</arg>
</arguments>
<msg timestamp="20200329 03:49:07.149" level="INFO">Typing text 'Username3' into text field 'id=com.daxko.mobilemember.container:id/et_Username'</msg>
<status status="PASS" starttime="20200329 03:49:07.148" endtime="20200329 03:49:07.838"></status>
</kw>
<kw name="When Input Text" library="AppiumLibrary">
<doc>Types the given `text` into text field identified by `locator`.</doc>
<arguments>
<arg>id=${password_text}</arg>
<arg>${password}</arg>
</arguments>
<msg timestamp="20200329 03:49:07.840" level="INFO">Typing text 'Password3' into text field 'id=com.daxko.mobilemember.container:id/et_password'</msg>
<status status="PASS" starttime="20200329 03:49:07.838" endtime="20200329 03:49:08.961"></status>
</kw>
<kw name="When Click Element" library="AppiumLibrary">
<doc>Click element identified by `locator`.</doc>
<arguments>
<arg>id=${login_button}</arg>
</arguments>
<msg timestamp="20200329 03:49:08.963" level="INFO">Clicking element 'id=com.daxko.mobilemember.container:id/btn_login'.</msg>
<status status="PASS" starttime="20200329 03:49:08.962" endtime="20200329 03:49:09.566"></status>
</kw>
<kw name="When Sleep" library="BuiltIn">
<doc>Pauses the test executed for the given time.</doc>
<arguments>
<arg>4</arg>
</arguments>
<msg timestamp="20200329 03:49:13.568" level="INFO">Slept 4 seconds</msg>
<status status="PASS" starttime="20200329 03:49:09.567" endtime="20200329 03:49:13.568"></status>
</kw>
<kw name="When Page Should Contain Text" library="AppiumLibrary">
<doc>Verifies that current page contains `text`.</doc>
<arguments>
<arg>Invalid login name or password. Please try again.</arg>
</arguments>
<msg timestamp="20200329 03:49:13.786" level="INFO">Current page contains text 'Invalid login name or password. Please try again.'.</msg>
<status status="PASS" starttime="20200329 03:49:13.568" endtime="20200329 03:49:13.786"></status>
</kw>
<kw name="When Capture Page Screenshot" library="AppiumLibrary">
<doc>Takes a screenshot of the current page and embeds it into the log.</doc>
<arguments>
<arg>../Snapshots/TC_002.png</arg>
</arguments>
<msg timestamp="20200329 03:49:14.194" level="INFO" html="yes">&lt;/td&gt;&lt;/tr&gt;&lt;tr&gt;&lt;td colspan="3"&gt;&lt;a href="../Snapshots/TC_002.png"&gt;&lt;img src="../Snapshots/TC_002.png" width="800px"&gt;&lt;/a&gt;</msg>
<status status="PASS" starttime="20200329 03:49:13.787" endtime="20200329 03:49:14.195"></status>
</kw>
<status status="PASS" starttime="20200329 03:49:07.145" endtime="20200329 03:49:14.195"></status>
</kw>
<kw name="${i} = 4" type="foritem">
<kw name="Read_Excel_Data_Of_Cell" library="Library">
<arguments>
<arg>InvalidLogin</arg>
<arg>${i}</arg>
<arg>1</arg>
</arguments>
<assign>
<var>${username}</var>
</assign>
<kw name="Fetch Cell Data" library="ReadExcel">
<arguments>
<arg>${sheetname}</arg>
<arg>${row}</arg>
<arg>${cell}</arg>
</arguments>
<assign>
<var>${celldata}</var>
</assign>
<msg timestamp="20200329 03:49:14.196" level="INFO">${celldata} = Username4</msg>
<status status="PASS" starttime="20200329 03:49:14.195" endtime="20200329 03:49:14.196"></status>
</kw>
<msg timestamp="20200329 03:49:14.196" level="INFO">${username} = Username4</msg>
<status status="PASS" starttime="20200329 03:49:14.195" endtime="20200329 03:49:14.196"></status>
</kw>
<kw name="Read_Excel_Data_Of_Cell" library="Library">
<arguments>
<arg>InvalidLogin</arg>
<arg>${i}</arg>
<arg>2</arg>
</arguments>
<assign>
<var>${password}</var>
</assign>
<kw name="Fetch Cell Data" library="ReadExcel">
<arguments>
<arg>${sheetname}</arg>
<arg>${row}</arg>
<arg>${cell}</arg>
</arguments>
<assign>
<var>${celldata}</var>
</assign>
<msg timestamp="20200329 03:49:14.197" level="INFO">${celldata} = Password4</msg>
<status status="PASS" starttime="20200329 03:49:14.196" endtime="20200329 03:49:14.197"></status>
</kw>
<msg timestamp="20200329 03:49:14.197" level="INFO">${password} = Password4</msg>
<status status="PASS" starttime="20200329 03:49:14.196" endtime="20200329 03:49:14.197"></status>
</kw>
<kw name="When Input Text" library="AppiumLibrary">
<doc>Types the given `text` into text field identified by `locator`.</doc>
<arguments>
<arg>id=${username_text}</arg>
<arg>${username}</arg>
</arguments>
<msg timestamp="20200329 03:49:14.199" level="INFO">Typing text 'Username4' into text field 'id=com.daxko.mobilemember.container:id/et_Username'</msg>
<status status="PASS" starttime="20200329 03:49:14.197" endtime="20200329 03:49:14.451"></status>
</kw>
<kw name="When Input Text" library="AppiumLibrary">
<doc>Types the given `text` into text field identified by `locator`.</doc>
<arguments>
<arg>id=${password_text}</arg>
<arg>${password}</arg>
</arguments>
<msg timestamp="20200329 03:49:14.453" level="INFO">Typing text 'Password4' into text field 'id=com.daxko.mobilemember.container:id/et_password'</msg>
<status status="PASS" starttime="20200329 03:49:14.452" endtime="20200329 03:49:15.569"></status>
</kw>
<kw name="When Click Element" library="AppiumLibrary">
<doc>Click element identified by `locator`.</doc>
<arguments>
<arg>id=${login_button}</arg>
</arguments>
<msg timestamp="20200329 03:49:15.570" level="INFO">Clicking element 'id=com.daxko.mobilemember.container:id/btn_login'.</msg>
<status status="PASS" starttime="20200329 03:49:15.569" endtime="20200329 03:49:16.169"></status>
</kw>
<kw name="When Sleep" library="BuiltIn">
<doc>Pauses the test executed for the given time.</doc>
<arguments>
<arg>4</arg>
</arguments>
<msg timestamp="20200329 03:49:20.171" level="INFO">Slept 4 seconds</msg>
<status status="PASS" starttime="20200329 03:49:16.169" endtime="20200329 03:49:20.171"></status>
</kw>
<kw name="When Page Should Contain Text" library="AppiumLibrary">
<doc>Verifies that current page contains `text`.</doc>
<arguments>
<arg>Invalid login name or password. Please try again.</arg>
</arguments>
<msg timestamp="20200329 03:49:20.364" level="INFO">Current page contains text 'Invalid login name or password. Please try again.'.</msg>
<status status="PASS" starttime="20200329 03:49:20.171" endtime="20200329 03:49:20.364"></status>
</kw>
<kw name="When Capture Page Screenshot" library="AppiumLibrary">
<doc>Takes a screenshot of the current page and embeds it into the log.</doc>
<arguments>
<arg>../Snapshots/TC_002.png</arg>
</arguments>
<msg timestamp="20200329 03:49:20.763" level="INFO" html="yes">&lt;/td&gt;&lt;/tr&gt;&lt;tr&gt;&lt;td colspan="3"&gt;&lt;a href="../Snapshots/TC_002.png"&gt;&lt;img src="../Snapshots/TC_002.png" width="800px"&gt;&lt;/a&gt;</msg>
<status status="PASS" starttime="20200329 03:49:20.365" endtime="20200329 03:49:20.764"></status>
</kw>
<status status="PASS" starttime="20200329 03:49:14.195" endtime="20200329 03:49:20.764"></status>
</kw>
<status status="PASS" starttime="20200329 03:48:52.823" endtime="20200329 03:49:20.764"></status>
</kw>
<kw name="Then User_close_application" library="Library">
<doc>This keyword is for closing the application</doc>
<kw name="Close Application" library="AppiumLibrary">
<doc>Closes the current application and also close webdriver session.</doc>
<status status="PASS" starttime="20200329 03:49:20.764" endtime="20200329 03:49:22.467"></status>
</kw>
<status status="PASS" starttime="20200329 03:49:20.764" endtime="20200329 03:49:22.467"></status>
</kw>
<doc>This test case checks whether invalid user is able to login to application or not</doc>
<tags>
<tag>ALL_TC</tag>
<tag>Functional</tag>
<tag>Regression</tag>
</tags>
<timeout value="2 minutes"></timeout>
<status status="PASS" starttime="20200329 03:48:35.840" endtime="20200329 03:49:22.468" critical="yes"></status>
</test>
<test id="s1-s1-t3" name="TC_003 - Do Not Have Login? -&gt; Invalid Member Number">
<kw name="Given User_open_application" library="Library">
<doc>This keyword is for opening the application</doc>
<kw name="Open Application" library="AppiumLibrary">
<doc>Opens a new application to given Appium server.
Capabilities of appium server, Android and iOS,
Please check https://github.com/appium/appium/blob/master/docs/en/writing-running-appium/server-args.md
| *Option*            | *Man.* | *Description*     |
| remote_url          | Yes    | Appium server url |
| alias               | no     | alias             |</doc>
<arguments>
<arg>${URL}</arg>
<arg>platformName=Android</arg>
<arg>platformVersion=9</arg>
<arg>deviceName=RZ8M30ME1CN</arg>
<arg>appPackage=com.daxko.mobilemember.container</arg>
<arg>appActivity=com.csi.vanguard.ui.LoginActivity</arg>
<arg>noReset=true</arg>
</arguments>
<status status="PASS" starttime="20200329 03:49:22.470" endtime="20200329 03:49:40.330"></status>
</kw>
<kw name="Get Window Width" library="AppiumLibrary">
<doc>Get current device width.</doc>
<assign>
<var>${WindowWidth}</var>
</assign>
<msg timestamp="20200329 03:49:40.347" level="INFO">${WindowWidth} = 1080</msg>
<status status="PASS" starttime="20200329 03:49:40.330" endtime="20200329 03:49:40.347"></status>
</kw>
<kw name="Get Window Height" library="AppiumLibrary">
<doc>Get current device height.</doc>
<assign>
<var>${WindowHeight}</var>
</assign>
<msg timestamp="20200329 03:49:40.362" level="INFO">${WindowHeight} = 2042</msg>
<status status="PASS" starttime="20200329 03:49:40.347" endtime="20200329 03:49:40.362"></status>
</kw>
<status status="PASS" starttime="20200329 03:49:22.469" endtime="20200329 03:49:40.362"></status>
</kw>
<kw name="Read_Element_Locator" library="Library">
<arguments>
<arg>Login.donothavelogin_id</arg>
</arguments>
<assign>
<var>${donothavelogin}</var>
</assign>
<kw name="Read Locator From Json" library="Locators">
<arguments>
<arg>${JsonPath}</arg>
</arguments>
<assign>
<var>${result}</var>
</assign>
<msg timestamp="20200329 03:49:40.365" level="INFO">${result} = com.daxko.mobilemember.container:id/tv_get_username_password</msg>
<status status="PASS" starttime="20200329 03:49:40.363" endtime="20200329 03:49:40.365"></status>
</kw>
<msg timestamp="20200329 03:49:40.365" level="INFO">${donothavelogin} = com.daxko.mobilemember.container:id/tv_get_username_password</msg>
<status status="PASS" starttime="20200329 03:49:40.363" endtime="20200329 03:49:40.365"></status>
</kw>
<kw name="Read_Element_Locator" library="Library">
<arguments>
<arg>Login.membernumber_textbox_id</arg>
</arguments>
<assign>
<var>${membernumber}</var>
</assign>
<kw name="Read Locator From Json" library="Locators">
<arguments>
<arg>${JsonPath}</arg>
</arguments>
<assign>
<var>${result}</var>
</assign>
<msg timestamp="20200329 03:49:40.366" level="INFO">${result} = com.daxko.mobilemember.container:id/et_mem_num</msg>
<status status="PASS" starttime="20200329 03:49:40.366" endtime="20200329 03:49:40.366"></status>
</kw>
<msg timestamp="20200329 03:49:40.367" level="INFO">${membernumber} = com.daxko.mobilemember.container:id/et_mem_num</msg>
<status status="PASS" starttime="20200329 03:49:40.365" endtime="20200329 03:49:40.367"></status>
</kw>
<kw name="Read_Element_Locator" library="Library">
<arguments>
<arg>Login.submit_button_id</arg>
</arguments>
<assign>
<var>${submit}</var>
</assign>
<kw name="Read Locator From Json" library="Locators">
<arguments>
<arg>${JsonPath}</arg>
</arguments>
<assign>
<var>${result}</var>
</assign>
<msg timestamp="20200329 03:49:40.368" level="INFO">${result} = com.daxko.mobilemember.container:id/btn_submit</msg>
<status status="PASS" starttime="20200329 03:49:40.367" endtime="20200329 03:49:40.368"></status>
</kw>
<msg timestamp="20200329 03:49:40.368" level="INFO">${submit} = com.daxko.mobilemember.container:id/btn_submit</msg>
<status status="PASS" starttime="20200329 03:49:40.367" endtime="20200329 03:49:40.368"></status>
</kw>
<kw name="Read_Element_Locator" library="Library">
<arguments>
<arg>Login.ok_button_xpath</arg>
</arguments>
<assign>
<var>${ok}</var>
</assign>
<kw name="Read Locator From Json" library="Locators">
<arguments>
<arg>${JsonPath}</arg>
</arguments>
<assign>
<var>${result}</var>
</assign>
<msg timestamp="20200329 03:49:40.370" level="INFO">${result} = //android.widget.Button[contains(@text,'OK')]</msg>
<status status="PASS" starttime="20200329 03:49:40.369" endtime="20200329 03:49:40.370"></status>
</kw>
<msg timestamp="20200329 03:49:40.370" level="INFO">${ok} = //android.widget.Button[contains(@text,'OK')]</msg>
<status status="PASS" starttime="20200329 03:49:40.369" endtime="20200329 03:49:40.370"></status>
</kw>
<kw name="When Click Element" library="AppiumLibrary">
<doc>Click element identified by `locator`.</doc>
<arguments>
<arg>id=${donothavelogin}</arg>
</arguments>
<msg timestamp="20200329 03:49:40.371" level="INFO">Clicking element 'id=com.daxko.mobilemember.container:id/tv_get_username_password'.</msg>
<status status="PASS" starttime="20200329 03:49:40.370" endtime="20200329 03:49:40.887"></status>
</kw>
<kw name="When Sleep" library="BuiltIn">
<doc>Pauses the test executed for the given time.</doc>
<arguments>
<arg>4</arg>
</arguments>
<msg timestamp="20200329 03:49:44.888" level="INFO">Slept 4 seconds</msg>
<status status="PASS" starttime="20200329 03:49:40.887" endtime="20200329 03:49:44.888"></status>
</kw>
<kw name="When Input Text" library="AppiumLibrary">
<doc>Types the given `text` into text field identified by `locator`.</doc>
<arguments>
<arg>id=${membernumber}</arg>
<arg>1234</arg>
</arguments>
<msg timestamp="20200329 03:49:44.890" level="INFO">Typing text '1234' into text field 'id=com.daxko.mobilemember.container:id/et_mem_num'</msg>
<status status="PASS" starttime="20200329 03:49:44.889" endtime="20200329 03:49:45.091"></status>
</kw>
<kw name="When Click Element" library="AppiumLibrary">
<doc>Click element identified by `locator`.</doc>
<arguments>
<arg>id=${submit}</arg>
</arguments>
<msg timestamp="20200329 03:49:45.093" level="INFO">Clicking element 'id=com.daxko.mobilemember.container:id/btn_submit'.</msg>
<status status="PASS" starttime="20200329 03:49:45.092" endtime="20200329 03:49:45.700"></status>
</kw>
<kw name="When Sleep" library="BuiltIn">
<doc>Pauses the test executed for the given time.</doc>
<arguments>
<arg>4</arg>
</arguments>
<msg timestamp="20200329 03:49:49.701" level="INFO">Slept 4 seconds</msg>
<status status="PASS" starttime="20200329 03:49:45.701" endtime="20200329 03:49:49.701"></status>
</kw>
<kw name="When Page Should Contain Text" library="AppiumLibrary">
<doc>Verifies that current page contains `text`.</doc>
<arguments>
<arg>Member not found.</arg>
</arguments>
<msg timestamp="20200329 03:49:49.863" level="INFO">Current page contains text 'Member not found.'.</msg>
<status status="PASS" starttime="20200329 03:49:49.702" endtime="20200329 03:49:49.863"></status>
</kw>
<kw name="When Capture Page Screenshot" library="AppiumLibrary">
<doc>Takes a screenshot of the current page and embeds it into the log.</doc>
<arguments>
<arg>../Snapshots/TC_003.png</arg>
</arguments>
<msg timestamp="20200329 03:49:50.261" level="INFO" html="yes">&lt;/td&gt;&lt;/tr&gt;&lt;tr&gt;&lt;td colspan="3"&gt;&lt;a href="../Snapshots/TC_003.png"&gt;&lt;img src="../Snapshots/TC_003.png" width="800px"&gt;&lt;/a&gt;</msg>
<status status="PASS" starttime="20200329 03:49:49.863" endtime="20200329 03:49:50.261"></status>
</kw>
<kw name="When Click Element" library="AppiumLibrary">
<doc>Click element identified by `locator`.</doc>
<arguments>
<arg>xpath=${ok}</arg>
</arguments>
<msg timestamp="20200329 03:49:50.263" level="INFO">Clicking element 'xpath=//android.widget.Button[contains(@text,'OK')]'.</msg>
<status status="PASS" starttime="20200329 03:49:50.262" endtime="20200329 03:49:50.570"></status>
</kw>
<kw name="Then User_close_application" library="Library">
<doc>This keyword is for closing the application</doc>
<kw name="Close Application" library="AppiumLibrary">
<doc>Closes the current application and also close webdriver session.</doc>
<status status="PASS" starttime="20200329 03:49:50.571" endtime="20200329 03:49:52.280"></status>
</kw>
<status status="PASS" starttime="20200329 03:49:50.571" endtime="20200329 03:49:52.280"></status>
</kw>
<doc>This test case checks the flow when user enters invalid member number</doc>
<tags>
<tag>ALL_TC</tag>
<tag>Functional</tag>
</tags>
<timeout value="2 minutes"></timeout>
<status status="PASS" starttime="20200329 03:49:22.468" endtime="20200329 03:49:52.281" critical="yes"></status>
</test>
<test id="s1-s1-t4" name="TC_004 - Do Not Have Login? -&gt; Cancel">
<kw name="Given User_open_application" library="Library">
<doc>This keyword is for opening the application</doc>
<kw name="Open Application" library="AppiumLibrary">
<doc>Opens a new application to given Appium server.
Capabilities of appium server, Android and iOS,
Please check https://github.com/appium/appium/blob/master/docs/en/writing-running-appium/server-args.md
| *Option*            | *Man.* | *Description*     |
| remote_url          | Yes    | Appium server url |
| alias               | no     | alias             |</doc>
<arguments>
<arg>${URL}</arg>
<arg>platformName=Android</arg>
<arg>platformVersion=9</arg>
<arg>deviceName=RZ8M30ME1CN</arg>
<arg>appPackage=com.daxko.mobilemember.container</arg>
<arg>appActivity=com.csi.vanguard.ui.LoginActivity</arg>
<arg>noReset=true</arg>
</arguments>
<status status="PASS" starttime="20200329 03:49:52.283" endtime="20200329 03:50:11.082"></status>
</kw>
<kw name="Get Window Width" library="AppiumLibrary">
<doc>Get current device width.</doc>
<assign>
<var>${WindowWidth}</var>
</assign>
<msg timestamp="20200329 03:50:11.103" level="INFO">${WindowWidth} = 1080</msg>
<status status="PASS" starttime="20200329 03:50:11.082" endtime="20200329 03:50:11.103"></status>
</kw>
<kw name="Get Window Height" library="AppiumLibrary">
<doc>Get current device height.</doc>
<assign>
<var>${WindowHeight}</var>
</assign>
<msg timestamp="20200329 03:50:11.121" level="INFO">${WindowHeight} = 2042</msg>
<status status="PASS" starttime="20200329 03:50:11.103" endtime="20200329 03:50:11.121"></status>
</kw>
<status status="PASS" starttime="20200329 03:49:52.283" endtime="20200329 03:50:11.121"></status>
</kw>
<kw name="Read_Element_Locator" library="Library">
<arguments>
<arg>Login.donothavelogin_id</arg>
</arguments>
<assign>
<var>${donothavelogin}</var>
</assign>
<kw name="Read Locator From Json" library="Locators">
<arguments>
<arg>${JsonPath}</arg>
</arguments>
<assign>
<var>${result}</var>
</assign>
<msg timestamp="20200329 03:50:11.124" level="INFO">${result} = com.daxko.mobilemember.container:id/tv_get_username_password</msg>
<status status="PASS" starttime="20200329 03:50:11.122" endtime="20200329 03:50:11.124"></status>
</kw>
<msg timestamp="20200329 03:50:11.124" level="INFO">${donothavelogin} = com.daxko.mobilemember.container:id/tv_get_username_password</msg>
<status status="PASS" starttime="20200329 03:50:11.121" endtime="20200329 03:50:11.124"></status>
</kw>
<kw name="Read_Element_Locator" library="Library">
<arguments>
<arg>Login.cancel_button_id</arg>
</arguments>
<assign>
<var>${cancel}</var>
</assign>
<kw name="Read Locator From Json" library="Locators">
<arguments>
<arg>${JsonPath}</arg>
</arguments>
<assign>
<var>${result}</var>
</assign>
<msg timestamp="20200329 03:50:11.125" level="INFO">${result} = com.daxko.mobilemember.container:id/btn_cancel</msg>
<status status="PASS" starttime="20200329 03:50:11.124" endtime="20200329 03:50:11.125"></status>
</kw>
<msg timestamp="20200329 03:50:11.126" level="INFO">${cancel} = com.daxko.mobilemember.container:id/btn_cancel</msg>
<status status="PASS" starttime="20200329 03:50:11.124" endtime="20200329 03:50:11.126"></status>
</kw>
<kw name="When Click Element" library="AppiumLibrary">
<doc>Click element identified by `locator`.</doc>
<arguments>
<arg>id=${donothavelogin}</arg>
</arguments>
<msg timestamp="20200329 03:50:11.127" level="INFO">Clicking element 'id=com.daxko.mobilemember.container:id/tv_get_username_password'.</msg>
<status status="PASS" starttime="20200329 03:50:11.126" endtime="20200329 03:50:11.641"></status>
</kw>
<kw name="When Sleep" library="BuiltIn">
<doc>Pauses the test executed for the given time.</doc>
<arguments>
<arg>2</arg>
</arguments>
<msg timestamp="20200329 03:50:13.643" level="INFO">Slept 2 seconds</msg>
<status status="PASS" starttime="20200329 03:50:11.641" endtime="20200329 03:50:13.643"></status>
</kw>
<kw name="When Element Text Should Be" library="AppiumLibrary">
<doc>Verifies element identified by ``locator`` exactly contains text ``expected``.</doc>
<arguments>
<arg>id=${cancel}</arg>
<arg>Cancel</arg>
</arguments>
<msg timestamp="20200329 03:50:13.644" level="INFO">Verifying element 'id=com.daxko.mobilemember.container:id/btn_cancel' contains exactly text 'Cancel'.</msg>
<status status="PASS" starttime="20200329 03:50:13.643" endtime="20200329 03:50:13.749"></status>
</kw>
<kw name="When Capture Page Screenshot" library="AppiumLibrary">
<doc>Takes a screenshot of the current page and embeds it into the log.</doc>
<arguments>
<arg>../Snapshots/TC_004.png</arg>
</arguments>
<msg timestamp="20200329 03:50:14.126" level="INFO" html="yes">&lt;/td&gt;&lt;/tr&gt;&lt;tr&gt;&lt;td colspan="3"&gt;&lt;a href="../Snapshots/TC_004.png"&gt;&lt;img src="../Snapshots/TC_004.png" width="800px"&gt;&lt;/a&gt;</msg>
<status status="PASS" starttime="20200329 03:50:13.750" endtime="20200329 03:50:14.126"></status>
</kw>
<kw name="When Click Element" library="AppiumLibrary">
<doc>Click element identified by `locator`.</doc>
<arguments>
<arg>id=${cancel}</arg>
</arguments>
<msg timestamp="20200329 03:50:14.128" level="INFO">Clicking element 'id=com.daxko.mobilemember.container:id/btn_cancel'.</msg>
<status status="PASS" starttime="20200329 03:50:14.127" endtime="20200329 03:50:14.249"></status>
</kw>
<kw name="Then User_close_application" library="Library">
<doc>This keyword is for closing the application</doc>
<kw name="Close Application" library="AppiumLibrary">
<doc>Closes the current application and also close webdriver session.</doc>
<status status="PASS" starttime="20200329 03:50:14.249" endtime="20200329 03:50:15.966"></status>
</kw>
<status status="PASS" starttime="20200329 03:50:14.249" endtime="20200329 03:50:15.966"></status>
</kw>
<doc>This test case checks the flow when user clicks Cancel button on Do Not Have Login page</doc>
<tags>
<tag>ALL_TC</tag>
<tag>Functional</tag>
</tags>
<timeout value="2 minutes"></timeout>
<status status="PASS" starttime="20200329 03:49:52.281" endtime="20200329 03:50:15.966" critical="yes"></status>
</test>
<test id="s1-s1-t5" name="TC_005 - Home Page -&gt; Skip -&gt; Select Location">
<kw name="Given User_open_application" library="Library">
<doc>This keyword is for opening the application</doc>
<kw name="Open Application" library="AppiumLibrary">
<doc>Opens a new application to given Appium server.
Capabilities of appium server, Android and iOS,
Please check https://github.com/appium/appium/blob/master/docs/en/writing-running-appium/server-args.md
| *Option*            | *Man.* | *Description*     |
| remote_url          | Yes    | Appium server url |
| alias               | no     | alias             |</doc>
<arguments>
<arg>${URL}</arg>
<arg>platformName=Android</arg>
<arg>platformVersion=9</arg>
<arg>deviceName=RZ8M30ME1CN</arg>
<arg>appPackage=com.daxko.mobilemember.container</arg>
<arg>appActivity=com.csi.vanguard.ui.LoginActivity</arg>
<arg>noReset=true</arg>
</arguments>
<status status="PASS" starttime="20200329 03:50:15.968" endtime="20200329 03:50:35.039"></status>
</kw>
<kw name="Get Window Width" library="AppiumLibrary">
<doc>Get current device width.</doc>
<assign>
<var>${WindowWidth}</var>
</assign>
<msg timestamp="20200329 03:50:35.068" level="INFO">${WindowWidth} = 1080</msg>
<status status="PASS" starttime="20200329 03:50:35.039" endtime="20200329 03:50:35.068"></status>
</kw>
<kw name="Get Window Height" library="AppiumLibrary">
<doc>Get current device height.</doc>
<assign>
<var>${WindowHeight}</var>
</assign>
<msg timestamp="20200329 03:50:35.092" level="INFO">${WindowHeight} = 2042</msg>
<status status="PASS" starttime="20200329 03:50:35.068" endtime="20200329 03:50:35.092"></status>
</kw>
<status status="PASS" starttime="20200329 03:50:15.968" endtime="20200329 03:50:35.093"></status>
</kw>
<kw name="Read_Element_Locator" library="Library">
<arguments>
<arg>Login.skip_button_id</arg>
</arguments>
<assign>
<var>${skip}</var>
</assign>
<kw name="Read Locator From Json" library="Locators">
<arguments>
<arg>${JsonPath}</arg>
</arguments>
<assign>
<var>${result}</var>
</assign>
<msg timestamp="20200329 03:50:35.095" level="INFO">${result} = com.daxko.mobilemember.container:id/btn_skip</msg>
<status status="PASS" starttime="20200329 03:50:35.093" endtime="20200329 03:50:35.095"></status>
</kw>
<msg timestamp="20200329 03:50:35.096" level="INFO">${skip} = com.daxko.mobilemember.container:id/btn_skip</msg>
<status status="PASS" starttime="20200329 03:50:35.093" endtime="20200329 03:50:35.096"></status>
</kw>
<kw name="Read_Element_Locator" library="Library">
<arguments>
<arg>Login.location_xpath</arg>
</arguments>
<assign>
<var>${location}</var>
</assign>
<kw name="Read Locator From Json" library="Locators">
<arguments>
<arg>${JsonPath}</arg>
</arguments>
<assign>
<var>${result}</var>
</assign>
<msg timestamp="20200329 03:50:35.099" level="INFO">${result} = //android.widget.TextView[contains(@text,'CSI QA 2')]</msg>
<status status="PASS" starttime="20200329 03:50:35.097" endtime="20200329 03:50:35.099"></status>
</kw>
<msg timestamp="20200329 03:50:35.099" level="INFO">${location} = //android.widget.TextView[contains(@text,'CSI QA 2')]</msg>
<status status="PASS" starttime="20200329 03:50:35.097" endtime="20200329 03:50:35.100"></status>
</kw>
<kw name="When Click Element" library="AppiumLibrary">
<doc>Click element identified by `locator`.</doc>
<arguments>
<arg>id=${skip}</arg>
</arguments>
<msg timestamp="20200329 03:50:35.102" level="INFO">Clicking element 'id=com.daxko.mobilemember.container:id/btn_skip'.</msg>
<status status="PASS" starttime="20200329 03:50:35.100" endtime="20200329 03:50:35.580"></status>
</kw>
<kw name="When Sleep" library="BuiltIn">
<doc>Pauses the test executed for the given time.</doc>
<arguments>
<arg>8</arg>
</arguments>
<msg timestamp="20200329 03:50:43.582" level="INFO">Slept 8 seconds</msg>
<status status="PASS" starttime="20200329 03:50:35.580" endtime="20200329 03:50:43.582"></status>
</kw>
<kw name="When Capture Page Screenshot" library="AppiumLibrary">
<doc>Takes a screenshot of the current page and embeds it into the log.</doc>
<arguments>
<arg>../Snapshots/TC_005.png</arg>
</arguments>
<msg timestamp="20200329 03:50:44.099" level="INFO" html="yes">&lt;/td&gt;&lt;/tr&gt;&lt;tr&gt;&lt;td colspan="3"&gt;&lt;a href="../Snapshots/TC_005.png"&gt;&lt;img src="../Snapshots/TC_005.png" width="800px"&gt;&lt;/a&gt;</msg>
<status status="PASS" starttime="20200329 03:50:43.582" endtime="20200329 03:50:44.099"></status>
</kw>
<kw name="When Click Element" library="AppiumLibrary">
<doc>Click element identified by `locator`.</doc>
<arguments>
<arg>xpath=${location}</arg>
</arguments>
<msg timestamp="20200329 03:50:44.101" level="INFO">Clicking element 'xpath=//android.widget.TextView[contains(@text,'CSI QA 2')]'.</msg>
<status status="PASS" starttime="20200329 03:50:44.100" endtime="20200329 03:50:45.420"></status>
</kw>
<kw name="When Sleep" library="BuiltIn">
<doc>Pauses the test executed for the given time.</doc>
<arguments>
<arg>4</arg>
</arguments>
<msg timestamp="20200329 03:50:49.423" level="INFO">Slept 4 seconds</msg>
<status status="PASS" starttime="20200329 03:50:45.421" endtime="20200329 03:50:49.423"></status>
</kw>
<kw name="When Page Should Contain Text" library="AppiumLibrary">
<doc>Verifies that current page contains `text`.</doc>
<arguments>
<arg>Description</arg>
</arguments>
<msg timestamp="20200329 03:50:49.738" level="INFO">Current page contains text 'Description'.</msg>
<status status="PASS" starttime="20200329 03:50:49.423" endtime="20200329 03:50:49.738"></status>
</kw>
<kw name="Then User_close_application" library="Library">
<doc>This keyword is for closing the application</doc>
<kw name="Close Application" library="AppiumLibrary">
<doc>Closes the current application and also close webdriver session.</doc>
<status status="PASS" starttime="20200329 03:50:49.739" endtime="20200329 03:50:51.559"></status>
</kw>
<status status="PASS" starttime="20200329 03:50:49.739" endtime="20200329 03:50:51.560"></status>
</kw>
<doc>This test case checks the flow when user clicks Skip button on Home page</doc>
<tags>
<tag>ALL_TC</tag>
<tag>DFLT</tag>
</tags>
<timeout value="2 minutes"></timeout>
<status status="PASS" starttime="20200329 03:50:15.967" endtime="20200329 03:50:51.560" critical="yes"></status>
</test>
<test id="s1-s1-t6" name="TC_006 - Forgot Password -&gt; Display Alert">
<kw name="Given User_open_application" library="Library">
<doc>This keyword is for opening the application</doc>
<kw name="Open Application" library="AppiumLibrary">
<doc>Opens a new application to given Appium server.
Capabilities of appium server, Android and iOS,
Please check https://github.com/appium/appium/blob/master/docs/en/writing-running-appium/server-args.md
| *Option*            | *Man.* | *Description*     |
| remote_url          | Yes    | Appium server url |
| alias               | no     | alias             |</doc>
<arguments>
<arg>${URL}</arg>
<arg>platformName=Android</arg>
<arg>platformVersion=9</arg>
<arg>deviceName=RZ8M30ME1CN</arg>
<arg>appPackage=com.daxko.mobilemember.container</arg>
<arg>appActivity=com.csi.vanguard.ui.LoginActivity</arg>
<arg>noReset=true</arg>
</arguments>
<status status="PASS" starttime="20200329 03:50:51.562" endtime="20200329 03:51:10.818"></status>
</kw>
<kw name="Get Window Width" library="AppiumLibrary">
<doc>Get current device width.</doc>
<assign>
<var>${WindowWidth}</var>
</assign>
<msg timestamp="20200329 03:51:10.835" level="INFO">${WindowWidth} = 1080</msg>
<status status="PASS" starttime="20200329 03:51:10.818" endtime="20200329 03:51:10.835"></status>
</kw>
<kw name="Get Window Height" library="AppiumLibrary">
<doc>Get current device height.</doc>
<assign>
<var>${WindowHeight}</var>
</assign>
<msg timestamp="20200329 03:51:10.852" level="INFO">${WindowHeight} = 2042</msg>
<status status="PASS" starttime="20200329 03:51:10.836" endtime="20200329 03:51:10.852"></status>
</kw>
<status status="PASS" starttime="20200329 03:50:51.562" endtime="20200329 03:51:10.852"></status>
</kw>
<kw name="Read_Element_Locator" library="Library">
<arguments>
<arg>Login.ForgotPassword.forgot_password_link_id</arg>
</arguments>
<assign>
<var>${forgot_password}</var>
</assign>
<kw name="Read Locator From Json" library="Locators">
<arguments>
<arg>${JsonPath}</arg>
</arguments>
<assign>
<var>${result}</var>
</assign>
<msg timestamp="20200329 03:51:10.854" level="INFO">${result} = com.daxko.mobilemember.container:id/tv_forgetpassword</msg>
<status status="PASS" starttime="20200329 03:51:10.853" endtime="20200329 03:51:10.854"></status>
</kw>
<msg timestamp="20200329 03:51:10.855" level="INFO">${forgot_password} = com.daxko.mobilemember.container:id/tv_forgetpassword</msg>
<status status="PASS" starttime="20200329 03:51:10.852" endtime="20200329 03:51:10.855"></status>
</kw>
<kw name="Read_Element_Locator" library="Library">
<arguments>
<arg>Login.ForgotPassword.forgot_password_alerticon_id</arg>
</arguments>
<assign>
<var>${alert_icon}</var>
</assign>
<kw name="Read Locator From Json" library="Locators">
<arguments>
<arg>${JsonPath}</arg>
</arguments>
<assign>
<var>${result}</var>
</assign>
<msg timestamp="20200329 03:51:10.856" level="INFO">${result} = com.daxko.mobilemember.container:id/iv_info</msg>
<status status="PASS" starttime="20200329 03:51:10.856" endtime="20200329 03:51:10.856"></status>
</kw>
<msg timestamp="20200329 03:51:10.857" level="INFO">${alert_icon} = com.daxko.mobilemember.container:id/iv_info</msg>
<status status="PASS" starttime="20200329 03:51:10.855" endtime="20200329 03:51:10.857"></status>
</kw>
<kw name="Read_Element_Locator" library="Library">
<arguments>
<arg>Login.ForgotPassword.forgot_password_alert_xpath</arg>
</arguments>
<assign>
<var>${alert}</var>
</assign>
<kw name="Read Locator From Json" library="Locators">
<arguments>
<arg>${JsonPath}</arg>
</arguments>
<assign>
<var>${result}</var>
</assign>
<msg timestamp="20200329 03:51:10.858" level="INFO">${result} = //android.widget.Button[contains(@text,'OK')]</msg>
<status status="PASS" starttime="20200329 03:51:10.857" endtime="20200329 03:51:10.858"></status>
</kw>
<msg timestamp="20200329 03:51:10.858" level="INFO">${alert} = //android.widget.Button[contains(@text,'OK')]</msg>
<status status="PASS" starttime="20200329 03:51:10.857" endtime="20200329 03:51:10.858"></status>
</kw>
<kw name="When Click Element" library="AppiumLibrary">
<doc>Click element identified by `locator`.</doc>
<arguments>
<arg>id=${forgot_password}</arg>
</arguments>
<msg timestamp="20200329 03:51:10.860" level="INFO">Clicking element 'id=com.daxko.mobilemember.container:id/tv_forgetpassword'.</msg>
<status status="PASS" starttime="20200329 03:51:10.859" endtime="20200329 03:51:11.377"></status>
</kw>
<kw name="When Sleep" library="BuiltIn">
<doc>Pauses the test executed for the given time.</doc>
<arguments>
<arg>2</arg>
</arguments>
<msg timestamp="20200329 03:51:13.379" level="INFO">Slept 2 seconds</msg>
<status status="PASS" starttime="20200329 03:51:11.378" endtime="20200329 03:51:13.379"></status>
</kw>
<kw name="When Click Element" library="AppiumLibrary">
<doc>Click element identified by `locator`.</doc>
<arguments>
<arg>id=${alert_icon}</arg>
</arguments>
<msg timestamp="20200329 03:51:13.381" level="INFO">Clicking element 'id=com.daxko.mobilemember.container:id/iv_info'.</msg>
<status status="PASS" starttime="20200329 03:51:13.379" endtime="20200329 03:51:13.504"></status>
</kw>
<kw name="When Sleep" library="BuiltIn">
<doc>Pauses the test executed for the given time.</doc>
<arguments>
<arg>2</arg>
</arguments>
<msg timestamp="20200329 03:51:15.506" level="INFO">Slept 2 seconds</msg>
<status status="PASS" starttime="20200329 03:51:13.504" endtime="20200329 03:51:15.506"></status>
</kw>
<kw name="When Page Should Contain Text" library="AppiumLibrary">
<doc>Verifies that current page contains `text`.</doc>
<arguments>
<arg>If you do not have all the information requested, please contact the facility.</arg>
</arguments>
<msg timestamp="20200329 03:51:15.664" level="INFO">Current page contains text 'If you do not have all the information requested, please contact the facility.'.</msg>
<status status="PASS" starttime="20200329 03:51:15.506" endtime="20200329 03:51:15.664"></status>
</kw>
<kw name="When Capture Page Screenshot" library="AppiumLibrary">
<doc>Takes a screenshot of the current page and embeds it into the log.</doc>
<arguments>
<arg>../Snapshots/TC_006.png</arg>
</arguments>
<msg timestamp="20200329 03:51:16.069" level="INFO" html="yes">&lt;/td&gt;&lt;/tr&gt;&lt;tr&gt;&lt;td colspan="3"&gt;&lt;a href="../Snapshots/TC_006.png"&gt;&lt;img src="../Snapshots/TC_006.png" width="800px"&gt;&lt;/a&gt;</msg>
<status status="PASS" starttime="20200329 03:51:15.665" endtime="20200329 03:51:16.069"></status>
</kw>
<kw name="When Click Element" library="AppiumLibrary">
<doc>Click element identified by `locator`.</doc>
<arguments>
<arg>xpath=${alert}</arg>
</arguments>
<msg timestamp="20200329 03:51:16.070" level="INFO">Clicking element 'xpath=//android.widget.Button[contains(@text,'OK')]'.</msg>
<status status="PASS" starttime="20200329 03:51:16.069" endtime="20200329 03:51:16.339"></status>
</kw>
<kw name="Then User_close_application" library="Library">
<doc>This keyword is for closing the application</doc>
<kw name="Close Application" library="AppiumLibrary">
<doc>Closes the current application and also close webdriver session.</doc>
<status status="PASS" starttime="20200329 03:51:16.340" endtime="20200329 03:51:18.026"></status>
</kw>
<status status="PASS" starttime="20200329 03:51:16.339" endtime="20200329 03:51:18.026"></status>
</kw>
<doc>This test case checks the flow when user clicks on Alert icon on Forgot Password page</doc>
<tags>
<tag>ALL_TC</tag>
<tag>Functional</tag>
</tags>
<timeout value="2 minutes"></timeout>
<status status="PASS" starttime="20200329 03:50:51.561" endtime="20200329 03:51:18.028" critical="yes"></status>
</test>
<test id="s1-s1-t7" name="TC_007 - Forgot Password -&gt; Cancel">
<kw name="Given User_open_application" library="Library">
<doc>This keyword is for opening the application</doc>
<kw name="Open Application" library="AppiumLibrary">
<doc>Opens a new application to given Appium server.
Capabilities of appium server, Android and iOS,
Please check https://github.com/appium/appium/blob/master/docs/en/writing-running-appium/server-args.md
| *Option*            | *Man.* | *Description*     |
| remote_url          | Yes    | Appium server url |
| alias               | no     | alias             |</doc>
<arguments>
<arg>${URL}</arg>
<arg>platformName=Android</arg>
<arg>platformVersion=9</arg>
<arg>deviceName=RZ8M30ME1CN</arg>
<arg>appPackage=com.daxko.mobilemember.container</arg>
<arg>appActivity=com.csi.vanguard.ui.LoginActivity</arg>
<arg>noReset=true</arg>
</arguments>
<status status="PASS" starttime="20200329 03:51:18.031" endtime="20200329 03:51:35.839"></status>
</kw>
<kw name="Get Window Width" library="AppiumLibrary">
<doc>Get current device width.</doc>
<assign>
<var>${WindowWidth}</var>
</assign>
<msg timestamp="20200329 03:51:35.865" level="INFO">${WindowWidth} = 1080</msg>
<status status="PASS" starttime="20200329 03:51:35.839" endtime="20200329 03:51:35.865"></status>
</kw>
<kw name="Get Window Height" library="AppiumLibrary">
<doc>Get current device height.</doc>
<assign>
<var>${WindowHeight}</var>
</assign>
<msg timestamp="20200329 03:51:35.884" level="INFO">${WindowHeight} = 2042</msg>
<status status="PASS" starttime="20200329 03:51:35.865" endtime="20200329 03:51:35.884"></status>
</kw>
<status status="PASS" starttime="20200329 03:51:18.030" endtime="20200329 03:51:35.884"></status>
</kw>
<kw name="Read_Element_Locator" library="Library">
<arguments>
<arg>Login.ForgotPassword.forgot_password_link_id</arg>
</arguments>
<assign>
<var>${forgot_password}</var>
</assign>
<kw name="Read Locator From Json" library="Locators">
<arguments>
<arg>${JsonPath}</arg>
</arguments>
<assign>
<var>${result}</var>
</assign>
<msg timestamp="20200329 03:51:35.886" level="INFO">${result} = com.daxko.mobilemember.container:id/tv_forgetpassword</msg>
<status status="PASS" starttime="20200329 03:51:35.885" endtime="20200329 03:51:35.886"></status>
</kw>
<msg timestamp="20200329 03:51:35.886" level="INFO">${forgot_password} = com.daxko.mobilemember.container:id/tv_forgetpassword</msg>
<status status="PASS" starttime="20200329 03:51:35.885" endtime="20200329 03:51:35.886"></status>
</kw>
<kw name="Read_Element_Locator" library="Library">
<arguments>
<arg>Login.ForgotPassword.forgot_password_cancel_button_id</arg>
</arguments>
<assign>
<var>${forgot_cancel}</var>
</assign>
<kw name="Read Locator From Json" library="Locators">
<arguments>
<arg>${JsonPath}</arg>
</arguments>
<assign>
<var>${result}</var>
</assign>
<msg timestamp="20200329 03:51:35.887" level="INFO">${result} = com.daxko.mobilemember.container:id/btn_pwd_cancel</msg>
<status status="PASS" starttime="20200329 03:51:35.887" endtime="20200329 03:51:35.888"></status>
</kw>
<msg timestamp="20200329 03:51:35.888" level="INFO">${forgot_cancel} = com.daxko.mobilemember.container:id/btn_pwd_cancel</msg>
<status status="PASS" starttime="20200329 03:51:35.886" endtime="20200329 03:51:35.888"></status>
</kw>
<kw name="When Click Element" library="AppiumLibrary">
<doc>Click element identified by `locator`.</doc>
<arguments>
<arg>id=${forgot_password}</arg>
</arguments>
<msg timestamp="20200329 03:51:35.889" level="INFO">Clicking element 'id=com.daxko.mobilemember.container:id/tv_forgetpassword'.</msg>
<status status="PASS" starttime="20200329 03:51:35.888" endtime="20200329 03:51:36.361"></status>
</kw>
<kw name="When Sleep" library="BuiltIn">
<doc>Pauses the test executed for the given time.</doc>
<arguments>
<arg>2</arg>
</arguments>
<msg timestamp="20200329 03:51:38.363" level="INFO">Slept 2 seconds</msg>
<status status="PASS" starttime="20200329 03:51:36.361" endtime="20200329 03:51:38.363"></status>
</kw>
<kw name="When Element Text Should Be" library="AppiumLibrary">
<doc>Verifies element identified by ``locator`` exactly contains text ``expected``.</doc>
<arguments>
<arg>id=${forgot_cancel}</arg>
<arg>Cancel</arg>
</arguments>
<msg timestamp="20200329 03:51:38.365" level="INFO">Verifying element 'id=com.daxko.mobilemember.container:id/btn_pwd_cancel' contains exactly text 'Cancel'.</msg>
<status status="PASS" starttime="20200329 03:51:38.364" endtime="20200329 03:51:38.481"></status>
</kw>
<kw name="When Capture Page Screenshot" library="AppiumLibrary">
<doc>Takes a screenshot of the current page and embeds it into the log.</doc>
<arguments>
<arg>../Snapshots/TC_007.png</arg>
</arguments>
<msg timestamp="20200329 03:51:38.887" level="INFO" html="yes">&lt;/td&gt;&lt;/tr&gt;&lt;tr&gt;&lt;td colspan="3"&gt;&lt;a href="../Snapshots/TC_007.png"&gt;&lt;img src="../Snapshots/TC_007.png" width="800px"&gt;&lt;/a&gt;</msg>
<status status="PASS" starttime="20200329 03:51:38.481" endtime="20200329 03:51:38.887"></status>
</kw>
<kw name="When Click Element" library="AppiumLibrary">
<doc>Click element identified by `locator`.</doc>
<arguments>
<arg>id=${forgot_cancel}</arg>
</arguments>
<msg timestamp="20200329 03:51:38.889" level="INFO">Clicking element 'id=com.daxko.mobilemember.container:id/btn_pwd_cancel'.</msg>
<status status="PASS" starttime="20200329 03:51:38.888" endtime="20200329 03:51:39.022"></status>
</kw>
<kw name="Then User_close_application" library="Library">
<doc>This keyword is for closing the application</doc>
<kw name="Close Application" library="AppiumLibrary">
<doc>Closes the current application and also close webdriver session.</doc>
<status status="PASS" starttime="20200329 03:51:39.022" endtime="20200329 03:51:40.467"></status>
</kw>
<status status="PASS" starttime="20200329 03:51:39.022" endtime="20200329 03:51:40.467"></status>
</kw>
<doc>This test case checks when user clicks Cancel button on Forgot Password page</doc>
<tags>
<tag>ALL_TC</tag>
<tag>Functional</tag>
</tags>
<timeout value="2 minutes"></timeout>
<status status="PASS" starttime="20200329 03:51:18.029" endtime="20200329 03:51:40.468" critical="yes"></status>
</test>
<test id="s1-s1-t8" name="TC_008 - Forgot Password -&gt; Invalid Email Address">
<kw name="Given User_open_application" library="Library">
<doc>This keyword is for opening the application</doc>
<kw name="Open Application" library="AppiumLibrary">
<doc>Opens a new application to given Appium server.
Capabilities of appium server, Android and iOS,
Please check https://github.com/appium/appium/blob/master/docs/en/writing-running-appium/server-args.md
| *Option*            | *Man.* | *Description*     |
| remote_url          | Yes    | Appium server url |
| alias               | no     | alias             |</doc>
<arguments>
<arg>${URL}</arg>
<arg>platformName=Android</arg>
<arg>platformVersion=9</arg>
<arg>deviceName=RZ8M30ME1CN</arg>
<arg>appPackage=com.daxko.mobilemember.container</arg>
<arg>appActivity=com.csi.vanguard.ui.LoginActivity</arg>
<arg>noReset=true</arg>
</arguments>
<status status="PASS" starttime="20200329 03:51:40.469" endtime="20200329 03:51:57.109"></status>
</kw>
<kw name="Get Window Width" library="AppiumLibrary">
<doc>Get current device width.</doc>
<assign>
<var>${WindowWidth}</var>
</assign>
<msg timestamp="20200329 03:51:57.139" level="INFO">${WindowWidth} = 1080</msg>
<status status="PASS" starttime="20200329 03:51:57.109" endtime="20200329 03:51:57.139"></status>
</kw>
<kw name="Get Window Height" library="AppiumLibrary">
<doc>Get current device height.</doc>
<assign>
<var>${WindowHeight}</var>
</assign>
<msg timestamp="20200329 03:51:57.158" level="INFO">${WindowHeight} = 2042</msg>
<status status="PASS" starttime="20200329 03:51:57.140" endtime="20200329 03:51:57.158"></status>
</kw>
<status status="PASS" starttime="20200329 03:51:40.469" endtime="20200329 03:51:57.158"></status>
</kw>
<kw name="Read_Element_Locator" library="Library">
<arguments>
<arg>Login.ForgotPassword.forgot_password_link_id</arg>
</arguments>
<assign>
<var>${forgot_password}</var>
</assign>
<kw name="Read Locator From Json" library="Locators">
<arguments>
<arg>${JsonPath}</arg>
</arguments>
<assign>
<var>${result}</var>
</assign>
<msg timestamp="20200329 03:51:57.160" level="INFO">${result} = com.daxko.mobilemember.container:id/tv_forgetpassword</msg>
<status status="PASS" starttime="20200329 03:51:57.159" endtime="20200329 03:51:57.161"></status>
</kw>
<msg timestamp="20200329 03:51:57.161" level="INFO">${forgot_password} = com.daxko.mobilemember.container:id/tv_forgetpassword</msg>
<status status="PASS" starttime="20200329 03:51:57.158" endtime="20200329 03:51:57.161"></status>
</kw>
<kw name="Read_Element_Locator" library="Library">
<arguments>
<arg>Login.ForgotPassword.forgot_password_email_textbox_id</arg>
</arguments>
<assign>
<var>${forgot_email}</var>
</assign>
<kw name="Read Locator From Json" library="Locators">
<arguments>
<arg>${JsonPath}</arg>
</arguments>
<assign>
<var>${result}</var>
</assign>
<msg timestamp="20200329 03:51:57.162" level="INFO">${result} = com.daxko.mobilemember.container:id/et_forgot_email</msg>
<status status="PASS" starttime="20200329 03:51:57.161" endtime="20200329 03:51:57.162"></status>
</kw>
<msg timestamp="20200329 03:51:57.162" level="INFO">${forgot_email} = com.daxko.mobilemember.container:id/et_forgot_email</msg>
<status status="PASS" starttime="20200329 03:51:57.161" endtime="20200329 03:51:57.162"></status>
</kw>
<kw name="Read_Element_Locator" library="Library">
<arguments>
<arg>Login.ForgotPassword.forgot_password_submit_button_id</arg>
</arguments>
<assign>
<var>${forgot_submit}</var>
</assign>
<kw name="Read Locator From Json" library="Locators">
<arguments>
<arg>${JsonPath}</arg>
</arguments>
<assign>
<var>${result}</var>
</assign>
<msg timestamp="20200329 03:51:57.164" level="INFO">${result} = com.daxko.mobilemember.container:id/btn_pwd_submit</msg>
<status status="PASS" starttime="20200329 03:51:57.163" endtime="20200329 03:51:57.164"></status>
</kw>
<msg timestamp="20200329 03:51:57.164" level="INFO">${forgot_submit} = com.daxko.mobilemember.container:id/btn_pwd_submit</msg>
<status status="PASS" starttime="20200329 03:51:57.163" endtime="20200329 03:51:57.164"></status>
</kw>
<kw name="Read_Element_Locator" library="Library">
<arguments>
<arg>Login.ForgotPassword.forgot_password_ok_button_xpath</arg>
</arguments>
<assign>
<var>${forgot_password_ok}</var>
</assign>
<kw name="Read Locator From Json" library="Locators">
<arguments>
<arg>${JsonPath}</arg>
</arguments>
<assign>
<var>${result}</var>
</assign>
<msg timestamp="20200329 03:51:57.166" level="INFO">${result} = //android.widget.Button[contains(@text,'OK')]</msg>
<status status="PASS" starttime="20200329 03:51:57.165" endtime="20200329 03:51:57.166"></status>
</kw>
<msg timestamp="20200329 03:51:57.166" level="INFO">${forgot_password_ok} = //android.widget.Button[contains(@text,'OK')]</msg>
<status status="PASS" starttime="20200329 03:51:57.164" endtime="20200329 03:51:57.166"></status>
</kw>
<kw name="When Click Element" library="AppiumLibrary">
<doc>Click element identified by `locator`.</doc>
<arguments>
<arg>id=${forgot_password}</arg>
</arguments>
<msg timestamp="20200329 03:51:57.167" level="INFO">Clicking element 'id=com.daxko.mobilemember.container:id/tv_forgetpassword'.</msg>
<status status="PASS" starttime="20200329 03:51:57.166" endtime="20200329 03:51:57.902"></status>
</kw>
<kw name="When Sleep" library="BuiltIn">
<doc>Pauses the test executed for the given time.</doc>
<arguments>
<arg>2</arg>
</arguments>
<msg timestamp="20200329 03:51:59.904" level="INFO">Slept 2 seconds</msg>
<status status="PASS" starttime="20200329 03:51:57.903" endtime="20200329 03:51:59.904"></status>
</kw>
<kw name="When Input Text" library="AppiumLibrary">
<doc>Types the given `text` into text field identified by `locator`.</doc>
<arguments>
<arg>id=${forgot_email}</arg>
<arg>abc@xyz.com</arg>
</arguments>
<msg timestamp="20200329 03:51:59.905" level="INFO">Typing text 'abc@xyz.com' into text field 'id=com.daxko.mobilemember.container:id/et_forgot_email'</msg>
<status status="PASS" starttime="20200329 03:51:59.904" endtime="20200329 03:52:00.582"></status>
</kw>
<kw name="When Click Element" library="AppiumLibrary">
<doc>Click element identified by `locator`.</doc>
<arguments>
<arg>id=${forgot_submit}</arg>
</arguments>
<msg timestamp="20200329 03:52:00.584" level="INFO">Clicking element 'id=com.daxko.mobilemember.container:id/btn_pwd_submit'.</msg>
<status status="PASS" starttime="20200329 03:52:00.582" endtime="20200329 03:52:01.188"></status>
</kw>
<kw name="When Sleep" library="BuiltIn">
<doc>Pauses the test executed for the given time.</doc>
<arguments>
<arg>2</arg>
</arguments>
<msg timestamp="20200329 03:52:03.191" level="INFO">Slept 2 seconds</msg>
<status status="PASS" starttime="20200329 03:52:01.189" endtime="20200329 03:52:03.191"></status>
</kw>
<kw name="When Page Should Contain Text" library="AppiumLibrary">
<doc>Verifies that current page contains `text`.</doc>
<arguments>
<arg>This email address does not match any email in our records.</arg>
</arguments>
<msg timestamp="20200329 03:52:03.363" level="INFO">Current page contains text 'This email address does not match any email in our records.'.</msg>
<status status="PASS" starttime="20200329 03:52:03.191" endtime="20200329 03:52:03.363"></status>
</kw>
<kw name="When Capture Page Screenshot" library="AppiumLibrary">
<doc>Takes a screenshot of the current page and embeds it into the log.</doc>
<arguments>
<arg>../Snapshots/TC_008.png</arg>
</arguments>
<msg timestamp="20200329 03:52:03.807" level="INFO" html="yes">&lt;/td&gt;&lt;/tr&gt;&lt;tr&gt;&lt;td colspan="3"&gt;&lt;a href="../Snapshots/TC_008.png"&gt;&lt;img src="../Snapshots/TC_008.png" width="800px"&gt;&lt;/a&gt;</msg>
<status status="PASS" starttime="20200329 03:52:03.364" endtime="20200329 03:52:03.807"></status>
</kw>
<kw name="When Click Element" library="AppiumLibrary">
<doc>Click element identified by `locator`.</doc>
<arguments>
<arg>xpath=${forgot_password_ok}</arg>
</arguments>
<msg timestamp="20200329 03:52:03.808" level="INFO">Clicking element 'xpath=//android.widget.Button[contains(@text,'OK')]'.</msg>
<status status="PASS" starttime="20200329 03:52:03.807" endtime="20200329 03:52:04.123"></status>
</kw>
<kw name="Then User_close_application" library="Library">
<doc>This keyword is for closing the application</doc>
<kw name="Close Application" library="AppiumLibrary">
<doc>Closes the current application and also close webdriver session.</doc>
<status status="PASS" starttime="20200329 03:52:04.124" endtime="20200329 03:52:05.673"></status>
</kw>
<status status="PASS" starttime="20200329 03:52:04.124" endtime="20200329 03:52:05.673"></status>
</kw>
<doc>This test case checks the flow ehen user enters invalid email address on Forgot Password page</doc>
<tags>
<tag>ALL_TC</tag>
<tag>Functional</tag>
<tag>Regression</tag>
</tags>
<timeout value="2 minutes"></timeout>
<status status="PASS" starttime="20200329 03:51:40.468" endtime="20200329 03:52:05.673" critical="yes"></status>
</test>
<doc>Test Cases for Login module</doc>
<status status="PASS" starttime="20200329 03:48:01.341" endtime="20200329 03:52:05.675"></status>
</suite>
<kw name="After each Test Suite" type="teardown">
<kw name="Log" library="BuiltIn">
<doc>Logs the given message with the given level.</doc>
<arguments>
<arg>Test Suite Ended</arg>
</arguments>
<msg timestamp="20200329 03:52:05.680" level="INFO">Test Suite Ended</msg>
<status status="PASS" starttime="20200329 03:52:05.680" endtime="20200329 03:52:05.680"></status>
</kw>
<status status="PASS" starttime="20200329 03:52:05.679" endtime="20200329 03:52:05.680"></status>
</kw>
<status status="PASS" starttime="20200329 03:48:01.312" endtime="20200329 03:52:05.680"></status>
</suite>
<statistics>
<total>
<stat pass="8" fail="0">Critical Tests</stat>
<stat pass="8" fail="0">All Tests</stat>
</total>
<tag>
<stat pass="8" fail="0">ALL_TC</stat>
<stat pass="1" fail="0">DFLT</stat>
<stat pass="7" fail="0">Functional</stat>
<stat pass="3" fail="0">Regression</stat>
</tag>
<suite>
<stat pass="8" fail="0" id="s1" name="LoginTC">LoginTC</stat>
<stat pass="8" fail="0" id="s1-s1" name="Login">LoginTC.Login</stat>
</suite>
</statistics>
<errors>
</errors>
</robot>
